[ 2015-04-22T22:19:47+08:00 ] 122.190.120.141 /index1.php?g=System&m=Admin&a=index
INFO: [ app_begin ] --START--
INFO: Run ReadHtmlCache Behavior [ RunTime:0.000503s ]
INFO: [ app_begin ] --END-- [ RunTime:0.000566s ]
NOTIC: [2] Cannot use a scalar value as an array G:\home\ftp\y\yiqixiu\wwwroot\Wesambo\_Core\Lib\Core\View.class.php 第 69 行.
INFO: [ view_template ] --START--
INFO: Run LocationTemplate Behavior [ RunTime:-0.001630s ]
INFO: [ view_template ] --END-- [ RunTime:0.000542s ]
INFO: [ view_parse ] --START--
INFO: Run ParseTemplate Behavior [ RunTime:-0.002218s ]
INFO: [ view_parse ] --END-- [ RunTime:0.016688s ]
INFO: [ view_filter ] --START--
INFO: Run ContentReplace Behavior [ RunTime:-0.018942s ]
INFO: Run TokenBuild Behavior [ RunTime:-0.019354s ]
INFO: Run WriteHtmlCache Behavior [ RunTime:-0.020015s ]
INFO: Run ShowRuntime Behavior [ RunTime:-0.020356s ]
INFO: [ view_filter ] --END-- [ RunTime:0.001902s ]
INFO: [ view_end ] --START--
INFO: Run ShowPageTrace Behavior [ RunTime:-0.020899s ]
INFO: [ view_end ] --END-- [ RunTime:0.000569s ]

[ 2015-04-22T22:19:57+08:00 ] 122.190.120.141 /index1.php?g=System&m=System&a=index
INFO: [ app_begin ] --START--
INFO: Run ReadHtmlCache Behavior [ RunTime:0.000485s ]
INFO: [ app_begin ] --END-- [ RunTime:0.000541s ]
NOTIC: [8] Undefined variable: staticPath G:\home\ftp\y\yiqixiu\wwwroot\Wesambo\Lib\Action\BaseAction.class.php 第 37 行.
NOTIC: [8] Undefined variable: staticPath G:\home\ftp\y\yiqixiu\wwwroot\Wesambo\Lib\Action\BaseAction.class.php 第 38 行.
NOTIC: [8] Constant STATICS already defined G:\home\ftp\y\yiqixiu\wwwroot\Wesambo\Lib\Action\BaseAction.class.php 第 38 行.
SQL: SHOW COLUMNS FROM `cj_node` [ RunTime:0.001702s ]
SQL: SELECT * FROM `cj_node` WHERE ( `level` = null ) AND ( `pid` = 2 ) AND ( `status` = 1 ) AND ( `display` > 0 ) ORDER BY `sort` asc  [ RunTime:0.000260s ]
SQL: SHOW COLUMNS FROM `cj_node` [ RunTime:0.001497s ]
SQL: SELECT * FROM `cj_node` WHERE ( `display` = 1 ) AND ( `status` = 1 ) ORDER BY `sort` asc  [ RunTime:0.000385s ]
NOTIC: [2] Cannot use a scalar value as an array G:\home\ftp\y\yiqixiu\wwwroot\Wesambo\_Core\Lib\Core\View.class.php 第 69 行.
INFO: [ view_template ] --START--
INFO: Run LocationTemplate Behavior [ RunTime:-0.014312s ]
INFO: [ view_template ] --END-- [ RunTime:0.000534s ]
INFO: [ view_parse ] --START--
INFO: Run ParseTemplate Behavior [ RunTime:-0.014902s ]
INFO: [ view_parse ] --END-- [ RunTime:0.010265s ]
INFO: [ view_filter ] --START--
INFO: Run ContentReplace Behavior [ RunTime:-0.025207s ]
INFO: Run TokenBuild Behavior [ RunTime:-0.025653s ]
INFO: Run WriteHtmlCache Behavior [ RunTime:-0.026105s ]
INFO: Run ShowRuntime Behavior [ RunTime:-0.026452s ]
INFO: [ view_filter ] --END-- [ RunTime:0.001741s ]
INFO: [ view_end ] --START--
INFO: Run ShowPageTrace Behavior [ RunTime:-0.027006s ]
INFO: [ view_end ] --END-- [ RunTime:0.000561s ]

[ 2015-04-22T22:20:02+08:00 ] 122.190.120.141 /index1.php?g=System&m=Baseset&a=index&pid=18&level=3
INFO: [ app_begin ] --START--
INFO: Run ReadHtmlCache Behavior [ RunTime:0.000501s ]
INFO: [ app_begin ] --END-- [ RunTime:0.000564s ]
NOTIC: [8] Undefined variable: staticPath G:\home\ftp\y\yiqixiu\wwwroot\Wesambo\Lib\Action\BaseAction.class.php 第 37 行.
NOTIC: [8] Undefined variable: staticPath G:\home\ftp\y\yiqixiu\wwwroot\Wesambo\Lib\Action\BaseAction.class.php 第 38 行.
NOTIC: [8] Constant STATICS already defined G:\home\ftp\y\yiqixiu\wwwroot\Wesambo\Lib\Action\BaseAction.class.php 第 38 行.
SQL: SHOW COLUMNS FROM `cj_node` [ RunTime:0.001645s ]
SQL: SELECT * FROM `cj_node` WHERE ( `level` = 3 ) AND ( `pid` = 18 ) AND ( `status` = 1 ) AND ( `display` > 0 ) ORDER BY `sort` asc  [ RunTime:0.000400s ]
SQL: SHOW COLUMNS FROM `cj_role` [ RunTime:0.001611s ]
SQL: SELECT `id`,`name` FROM `cj_role`  [ RunTime:0.000228s ]
SQL: SHOW COLUMNS FROM `cj_user` [ RunTime:0.001466s ]
SQL: SELECT * FROM `cj_user` WHERE ( `username` = 'admin' ) LIMIT 1   [ RunTime:0.000273s ]
NOTIC: [2] Cannot use a scalar value as an array G:\home\ftp\y\yiqixiu\wwwroot\Wesambo\_Core\Lib\Core\View.class.php 第 69 行.
INFO: [ view_template ] --START--
INFO: Run LocationTemplate Behavior [ RunTime:-0.026765s ]
INFO: [ view_template ] --END-- [ RunTime:0.000549s ]
INFO: [ view_parse ] --START--
NOTIC: [2] file_get_contents(./tpl/System/Baseset_header.html) [<a href='function.file-get-contents'>function.file-get-contents</a>]: failed to open stream: No such file or directory G:\home\ftp\y\yiqixiu\wwwroot\Wesambo\_Core\Lib\Template\ThinkTemplate.class.php 第 624 行.
NOTIC: [2] file_get_contents(./tpl/System/Baseset_footer.html) [<a href='function.file-get-contents'>function.file-get-contents</a>]: failed to open stream: No such file or directory G:\home\ftp\y\yiqixiu\wwwroot\Wesambo\_Core\Lib\Template\ThinkTemplate.class.php 第 624 行.
INFO: Run ParseTemplate Behavior [ RunTime:-0.027376s ]
INFO: [ view_parse ] --END-- [ RunTime:0.012684s ]
INFO: [ view_filter ] --START--
INFO: Run ContentReplace Behavior [ RunTime:-0.040097s ]
INFO: Run TokenBuild Behavior [ RunTime:-0.040539s ]
INFO: Run WriteHtmlCache Behavior [ RunTime:-0.041021s ]
INFO: Run ShowRuntime Behavior [ RunTime:-0.041357s ]
INFO: [ view_filter ] --END-- [ RunTime:0.001752s ]
INFO: [ view_end ] --START--
INFO: Run ShowPageTrace Behavior [ RunTime:-0.041909s ]
INFO: [ view_end ] --END-- [ RunTime:0.000557s ]

[ 2015-04-22T22:20:05+08:00 ] 122.190.120.141 /index1.php?g=System&m=User&a=index&pid=18&level=3
INFO: [ app_begin ] --START--
INFO: Run ReadHtmlCache Behavior [ RunTime:0.000495s ]
INFO: [ app_begin ] --END-- [ RunTime:0.000556s ]
NOTIC: [8] Undefined variable: staticPath G:\home\ftp\y\yiqixiu\wwwroot\Wesambo\Lib\Action\BaseAction.class.php 第 37 行.
NOTIC: [8] Undefined variable: staticPath G:\home\ftp\y\yiqixiu\wwwroot\Wesambo\Lib\Action\BaseAction.class.php 第 38 行.
NOTIC: [8] Constant STATICS already defined G:\home\ftp\y\yiqixiu\wwwroot\Wesambo\Lib\Action\BaseAction.class.php 第 38 行.
SQL: SHOW COLUMNS FROM `cj_node` [ RunTime:0.001586s ]
SQL: SELECT * FROM `cj_node` WHERE ( `level` = 3 ) AND ( `pid` = 18 ) AND ( `status` = 1 ) AND ( `display` > 0 ) ORDER BY `sort` asc  [ RunTime:0.000157s ]
SQL: SHOW COLUMNS FROM `cj_role` [ RunTime:0.001329s ]
SQL: SELECT `id`,`name` FROM `cj_role`  [ RunTime:0.000125s ]
SQL: SHOW COLUMNS FROM `cj_user` [ RunTime:0.001508s ]
SQL: SELECT COUNT(*) AS tp_count FROM `cj_user` LIMIT 1   [ RunTime:0.000188s ]
SQL: SELECT * FROM `cj_user` ORDER BY id ASC LIMIT 0,15   [ RunTime:0.000242s ]
NOTIC: [2] Cannot use a scalar value as an array G:\home\ftp\y\yiqixiu\wwwroot\Wesambo\_Core\Lib\Core\View.class.php 第 69 行.
INFO: [ view_template ] --START--
INFO: Run LocationTemplate Behavior [ RunTime:-0.017376s ]
INFO: [ view_template ] --END-- [ RunTime:0.000534s ]
INFO: [ view_parse ] --START--
NOTIC: [2] file_get_contents(./tpl/System/User_header.html) [<a href='function.file-get-contents'>function.file-get-contents</a>]: failed to open stream: No such file or directory G:\home\ftp\y\yiqixiu\wwwroot\Wesambo\_Core\Lib\Template\ThinkTemplate.class.php 第 624 行.
NOTIC: [2] file_get_contents(./tpl/System/User_footer.html) [<a href='function.file-get-contents'>function.file-get-contents</a>]: failed to open stream: No such file or directory G:\home\ftp\y\yiqixiu\wwwroot\Wesambo\_Core\Lib\Template\ThinkTemplate.class.php 第 624 行.
INFO: Run ParseTemplate Behavior [ RunTime:-0.017957s ]
INFO: [ view_parse ] --END-- [ RunTime:0.014315s ]
INFO: [ view_filter ] --START--
INFO: Run ContentReplace Behavior [ RunTime:-0.032309s ]
INFO: Run TokenBuild Behavior [ RunTime:-0.032747s ]
INFO: Run WriteHtmlCache Behavior [ RunTime:-0.033189s ]
INFO: Run ShowRuntime Behavior [ RunTime:-0.033523s ]
INFO: [ view_filter ] --END-- [ RunTime:0.001700s ]
INFO: [ view_end ] --START--
INFO: Run ShowPageTrace Behavior [ RunTime:-0.034069s ]
INFO: [ view_end ] --END-- [ RunTime:0.000550s ]

[ 2015-04-22T22:20:07+08:00 ] 122.190.120.141 /index1.php?g=System&m=Users&a=index&pid=50&level=3
INFO: [ app_begin ] --START--
INFO: Run ReadHtmlCache Behavior [ RunTime:0.000492s ]
INFO: [ app_begin ] --END-- [ RunTime:0.000550s ]
NOTIC: [8] Undefined variable: staticPath G:\home\ftp\y\yiqixiu\wwwroot\Wesambo\Lib\Action\BaseAction.class.php 第 37 行.
NOTIC: [8] Undefined variable: staticPath G:\home\ftp\y\yiqixiu\wwwroot\Wesambo\Lib\Action\BaseAction.class.php 第 38 行.
NOTIC: [8] Constant STATICS already defined G:\home\ftp\y\yiqixiu\wwwroot\Wesambo\Lib\Action\BaseAction.class.php 第 38 行.
SQL: SHOW COLUMNS FROM `cj_node` [ RunTime:0.001559s ]
SQL: SELECT * FROM `cj_node` WHERE ( `level` = 3 ) AND ( `pid` = 50 ) AND ( `status` = 1 ) AND ( `display` > 0 ) ORDER BY `sort` asc  [ RunTime:0.000371s ]
SQL: SHOW COLUMNS FROM `cj_users` [ RunTime:0.001703s ]
SQL: SHOW COLUMNS FROM `cj_user_group` [ RunTime:0.001678s ]
SQL: SELECT `id`,`name` FROM `cj_user_group` ORDER BY id desc  [ RunTime:0.000217s ]
SQL: SELECT COUNT(*) AS tp_count FROM `cj_users` LIMIT 1   [ RunTime:0.000158s ]
SQL: SELECT * FROM `cj_users` ORDER BY userid_int desc LIMIT 0,25   [ RunTime:0.000254s ]
NOTIC: [2] Cannot use a scalar value as an array G:\home\ftp\y\yiqixiu\wwwroot\Wesambo\_Core\Lib\Core\View.class.php 第 69 行.
INFO: [ view_template ] --START--
INFO: Run LocationTemplate Behavior [ RunTime:-0.018409s ]
INFO: [ view_template ] --END-- [ RunTime:0.000530s ]
INFO: [ view_parse ] --START--
NOTIC: [8] Undefined index: id G:\home\ftp\y\yiqixiu\wwwroot\Conf\logs\Cache\System\0c005db9ac6e0bb0a0285668787855bf.php 第 224 行.
NOTIC: [8] Undefined index: username G:\home\ftp\y\yiqixiu\wwwroot\Conf\logs\Cache\System\0c005db9ac6e0bb0a0285668787855bf.php 第 227 行.
INFO: Run ParseTemplate Behavior [ RunTime:-0.018985s ]
INFO: [ view_parse ] --END-- [ RunTime:0.014214s ]
INFO: [ view_filter ] --START--
INFO: Run ContentReplace Behavior [ RunTime:-0.033235s ]
INFO: Run TokenBuild Behavior [ RunTime:-0.033675s ]
INFO: Run WriteHtmlCache Behavior [ RunTime:-0.034159s ]
INFO: Run ShowRuntime Behavior [ RunTime:-0.034493s ]
INFO: [ view_filter ] --END-- [ RunTime:0.001743s ]
INFO: [ view_end ] --START--
INFO: Run ShowPageTrace Behavior [ RunTime:-0.035039s ]
INFO: [ view_end ] --END-- [ RunTime:0.000567s ]

[ 2015-04-22T22:20:14+08:00 ] 122.190.120.141 /index1.php?g=System&m=System&a=index
INFO: [ app_begin ] --START--
INFO: Run ReadHtmlCache Behavior [ RunTime:0.000505s ]
INFO: [ app_begin ] --END-- [ RunTime:0.000569s ]
NOTIC: [8] Undefined variable: staticPath G:\home\ftp\y\yiqixiu\wwwroot\Wesambo\Lib\Action\BaseAction.class.php 第 37 行.
NOTIC: [8] Undefined variable: staticPath G:\home\ftp\y\yiqixiu\wwwroot\Wesambo\Lib\Action\BaseAction.class.php 第 38 行.
NOTIC: [8] Constant STATICS already defined G:\home\ftp\y\yiqixiu\wwwroot\Wesambo\Lib\Action\BaseAction.class.php 第 38 行.
SQL: SHOW COLUMNS FROM `cj_node` [ RunTime:0.001629s ]
SQL: SELECT * FROM `cj_node` WHERE ( `level` = null ) AND ( `pid` = 2 ) AND ( `status` = 1 ) AND ( `display` > 0 ) ORDER BY `sort` asc  [ RunTime:0.000152s ]
SQL: SHOW COLUMNS FROM `cj_node` [ RunTime:0.001420s ]
SQL: SELECT * FROM `cj_node` WHERE ( `display` = 1 ) AND ( `status` = 1 ) ORDER BY `sort` asc  [ RunTime:0.000165s ]
NOTIC: [2] Cannot use a scalar value as an array G:\home\ftp\y\yiqixiu\wwwroot\Wesambo\_Core\Lib\Core\View.class.php 第 69 行.
INFO: [ view_template ] --START--
INFO: Run LocationTemplate Behavior [ RunTime:-0.013943s ]
INFO: [ view_template ] --END-- [ RunTime:0.000534s ]
INFO: [ view_parse ] --START--
INFO: Run ParseTemplate Behavior [ RunTime:-0.014533s ]
INFO: [ view_parse ] --END-- [ RunTime:0.009182s ]
INFO: [ view_filter ] --START--
INFO: Run ContentReplace Behavior [ RunTime:-0.023754s ]
INFO: Run TokenBuild Behavior [ RunTime:-0.024198s ]
INFO: Run WriteHtmlCache Behavior [ RunTime:-0.024651s ]
INFO: Run ShowRuntime Behavior [ RunTime:-0.024999s ]
INFO: [ view_filter ] --END-- [ RunTime:0.001742s ]
INFO: [ view_end ] --START--
INFO: Run ShowPageTrace Behavior [ RunTime:-0.025555s ]
INFO: [ view_end ] --END-- [ RunTime:0.000561s ]

[ 2015-04-22T22:20:36+08:00 ] 122.190.120.141 /index1.php?g=System&m=Users&a=index&pid=50&level=3
INFO: [ app_begin ] --START--
INFO: Run ReadHtmlCache Behavior [ RunTime:0.000497s ]
INFO: [ app_begin ] --END-- [ RunTime:0.000557s ]
NOTIC: [8] Undefined variable: staticPath G:\home\ftp\y\yiqixiu\wwwroot\Wesambo\Lib\Action\BaseAction.class.php 第 37 行.
NOTIC: [8] Undefined variable: staticPath G:\home\ftp\y\yiqixiu\wwwroot\Wesambo\Lib\Action\BaseAction.class.php 第 38 行.
NOTIC: [8] Constant STATICS already defined G:\home\ftp\y\yiqixiu\wwwroot\Wesambo\Lib\Action\BaseAction.class.php 第 38 行.
SQL: SHOW COLUMNS FROM `cj_node` [ RunTime:0.001708s ]
SQL: SELECT * FROM `cj_node` WHERE ( `level` = 3 ) AND ( `pid` = 50 ) AND ( `status` = 1 ) AND ( `display` > 0 ) ORDER BY `sort` asc  [ RunTime:0.000176s ]
SQL: SHOW COLUMNS FROM `cj_users` [ RunTime:0.001538s ]
SQL: SHOW COLUMNS FROM `cj_user_group` [ RunTime:0.001603s ]
SQL: SELECT `id`,`name` FROM `cj_user_group` ORDER BY id desc  [ RunTime:0.000130s ]
SQL: SELECT COUNT(*) AS tp_count FROM `cj_users` LIMIT 1   [ RunTime:0.000117s ]
SQL: SELECT * FROM `cj_users` ORDER BY userid_int desc LIMIT 0,25   [ RunTime:0.000167s ]
NOTIC: [2] Cannot use a scalar value as an array G:\home\ftp\y\yiqixiu\wwwroot\Wesambo\_Core\Lib\Core\View.class.php 第 69 行.
INFO: [ view_template ] --START--
INFO: Run LocationTemplate Behavior [ RunTime:-0.020524s ]
INFO: [ view_template ] --END-- [ RunTime:0.000533s ]
INFO: [ view_parse ] --START--
NOTIC: [8] Undefined index: id G:\home\ftp\y\yiqixiu\wwwroot\Conf\logs\Cache\System\0c005db9ac6e0bb0a0285668787855bf.php 第 224 行.
NOTIC: [8] Undefined index: username G:\home\ftp\y\yiqixiu\wwwroot\Conf\logs\Cache\System\0c005db9ac6e0bb0a0285668787855bf.php 第 227 行.
INFO: Run ParseTemplate Behavior [ RunTime:-0.021103s ]
INFO: [ view_parse ] --END-- [ RunTime:0.024152s ]
INFO: [ view_filter ] --START--
INFO: Run ContentReplace Behavior [ RunTime:-0.045292s ]
INFO: Run TokenBuild Behavior [ RunTime:-0.045734s ]
INFO: Run WriteHtmlCache Behavior [ RunTime:-0.046423s ]
INFO: Run ShowRuntime Behavior [ RunTime:-0.046759s ]
INFO: [ view_filter ] --END-- [ RunTime:0.001956s ]
INFO: [ view_end ] --START--
INFO: Run ShowPageTrace Behavior [ RunTime:-0.047309s ]
INFO: [ view_end ] --END-- [ RunTime:0.000567s ]

[ 2015-04-22T22:20:38+08:00 ] 122.190.120.141 /index1.php?g=System&m=Users&a=edit&userid_int=1
INFO: [ app_begin ] --START--
INFO: Run ReadHtmlCache Behavior [ RunTime:0.000495s ]
INFO: [ app_begin ] --END-- [ RunTime:0.000553s ]
NOTIC: [8] Undefined variable: staticPath G:\home\ftp\y\yiqixiu\wwwroot\Wesambo\Lib\Action\BaseAction.class.php 第 37 行.
NOTIC: [8] Undefined variable: staticPath G:\home\ftp\y\yiqixiu\wwwroot\Wesambo\Lib\Action\BaseAction.class.php 第 38 行.
NOTIC: [8] Constant STATICS already defined G:\home\ftp\y\yiqixiu\wwwroot\Wesambo\Lib\Action\BaseAction.class.php 第 38 行.
SQL: SHOW COLUMNS FROM `cj_node` [ RunTime:0.001571s ]
SQL: SELECT * FROM `cj_node` WHERE ( `level` = null ) AND ( `pid` = 2 ) AND ( `status` = 1 ) AND ( `display` > 0 ) ORDER BY `sort` asc  [ RunTime:0.000177s ]
SQL: SHOW COLUMNS FROM `cj_users` [ RunTime:0.001511s ]
SQL: SHOW COLUMNS FROM `cj_user_group` [ RunTime:0.001536s ]
SQL: SELECT `id`,`name` FROM `cj_user_group` WHERE ( `status` = 1 )  [ RunTime:0.000257s ]
SQL: SELECT * FROM `cj_users` WHERE ( `userid_int` = 1 ) LIMIT 1   [ RunTime:0.000284s ]
NOTIC: [2] Cannot use a scalar value as an array G:\home\ftp\y\yiqixiu\wwwroot\Wesambo\_Core\Lib\Core\View.class.php 第 69 行.
INFO: [ view_template ] --START--
INFO: Run LocationTemplate Behavior [ RunTime:-0.027263s ]
INFO: [ view_template ] --END-- [ RunTime:0.000589s ]
INFO: [ view_parse ] --START--
INFO: Run ParseTemplate Behavior [ RunTime:-0.027897s ]
INFO: [ view_parse ] --END-- [ RunTime:0.010889s ]
INFO: [ view_filter ] --START--
INFO: Run ContentReplace Behavior [ RunTime:-0.038823s ]
INFO: Run TokenBuild Behavior [ RunTime:-0.039260s ]
INFO: Run WriteHtmlCache Behavior [ RunTime:-0.039750s ]
INFO: Run ShowRuntime Behavior [ RunTime:-0.040084s ]
INFO: [ view_filter ] --END-- [ RunTime:0.001752s ]
INFO: [ view_end ] --START--
INFO: Run ShowPageTrace Behavior [ RunTime:-0.040634s ]
INFO: [ view_end ] --END-- [ RunTime:0.000555s ]

[ 2015-04-22T22:21:03+08:00 ] 122.190.120.141 /index1.php?g=System&m=Users&a=edit
INFO: [ app_begin ] --START--
INFO: Run ReadHtmlCache Behavior [ RunTime:0.000504s ]
INFO: [ app_begin ] --END-- [ RunTime:0.000568s ]
NOTIC: [8] Undefined variable: staticPath G:\home\ftp\y\yiqixiu\wwwroot\Wesambo\Lib\Action\BaseAction.class.php 第 37 行.
NOTIC: [8] Undefined variable: staticPath G:\home\ftp\y\yiqixiu\wwwroot\Wesambo\Lib\Action\BaseAction.class.php 第 38 行.
NOTIC: [8] Constant STATICS already defined G:\home\ftp\y\yiqixiu\wwwroot\Wesambo\Lib\Action\BaseAction.class.php 第 38 行.
SQL: SHOW COLUMNS FROM `cj_node` [ RunTime:0.001668s ]
SQL: SELECT * FROM `cj_node` WHERE ( `level` = null ) AND ( `pid` = 2 ) AND ( `status` = 1 ) AND ( `display` > 0 ) ORDER BY `sort` asc  [ RunTime:0.000143s ]
SQL: SHOW COLUMNS FROM `cj_users` [ RunTime:0.001503s ]
SQL: SHOW COLUMNS FROM `cj_users` [ RunTime:0.001537s ]
NOTIC: [8] Undefined index: id G:\home\ftp\y\yiqixiu\wwwroot\Wesambo\Lib\Action\System\UsersAction.class.php 第 151 行.
SQL: SELECT * FROM `cj_users` LIMIT 1   [ RunTime:0.000160s ]
NOTIC: [8] Undefined index: viptime G:\home\ftp\y\yiqixiu\wwwroot\Wesambo\Lib\Action\System\UsersAction.class.php 第 165 行.
SQL: UPDATE `cj_users` SET `userid_int`='1',`status_int`='1',`scene_times`='2',`limit_time`='2016-04-01 01:00:00',`remark`='1111123',`password_varchar`='f6d884998357f07ea71f903bc3f79073' WHERE ( `email_varchar` = 'test@qq.com' ) [ RunTime:0.000281s ]
NOTIC: [8] Undefined index: gid G:\home\ftp\y\yiqixiu\wwwroot\Wesambo\Lib\Action\System\UsersAction.class.php 第 168 行.
NOTIC: [8] Undefined index: gid G:\home\ftp\y\yiqixiu\wwwroot\Wesambo\Lib\Action\System\UsersAction.class.php 第 168 行.
NOTIC: [2] Cannot use a scalar value as an array G:\home\ftp\y\yiqixiu\wwwroot\Wesambo\_Core\Lib\Core\View.class.php 第 69 行.
INFO: [ view_template ] --START--
INFO: Run LocationTemplate Behavior [ RunTime:-0.027846s ]
INFO: [ view_template ] --END-- [ RunTime:0.000507s ]
INFO: [ view_parse ] --START--
INFO: Run ParseTemplate Behavior [ RunTime:-0.028397s ]
INFO: [ view_parse ] --END-- [ RunTime:0.006059s ]
INFO: [ view_filter ] --START--
INFO: Run ContentReplace Behavior [ RunTime:-0.034493s ]
INFO: Run TokenBuild Behavior [ RunTime:-0.034893s ]
INFO: Run WriteHtmlCache Behavior [ RunTime:-0.035315s ]
INFO: Run ShowRuntime Behavior [ RunTime:-0.035653s ]
INFO: [ view_filter ] --END-- [ RunTime:0.001653s ]
INFO: [ view_end ] --START--
INFO: Run ShowPageTrace Behavior [ RunTime:-0.036203s ]
INFO: [ view_end ] --END-- [ RunTime:0.000573s ]

[ 2015-04-22T22:21:05+08:00 ] 122.190.120.141 /index1.php?g=System&m=Users&a=index
INFO: [ app_begin ] --START--
INFO: Run ReadHtmlCache Behavior [ RunTime:0.000496s ]
INFO: [ app_begin ] --END-- [ RunTime:0.000555s ]
NOTIC: [8] Undefined variable: staticPath G:\home\ftp\y\yiqixiu\wwwroot\Wesambo\Lib\Action\BaseAction.class.php 第 37 行.
NOTIC: [8] Undefined variable: staticPath G:\home\ftp\y\yiqixiu\wwwroot\Wesambo\Lib\Action\BaseAction.class.php 第 38 行.
NOTIC: [8] Constant STATICS already defined G:\home\ftp\y\yiqixiu\wwwroot\Wesambo\Lib\Action\BaseAction.class.php 第 38 行.
SQL: SHOW COLUMNS FROM `cj_node` [ RunTime:0.001573s ]
SQL: SELECT * FROM `cj_node` WHERE ( `level` = null ) AND ( `pid` = 2 ) AND ( `status` = 1 ) AND ( `display` > 0 ) ORDER BY `sort` asc  [ RunTime:0.000112s ]
SQL: SHOW COLUMNS FROM `cj_users` [ RunTime:0.001443s ]
SQL: SHOW COLUMNS FROM `cj_user_group` [ RunTime:0.001475s ]
SQL: SELECT `id`,`name` FROM `cj_user_group` ORDER BY id desc  [ RunTime:0.000092s ]
SQL: SELECT COUNT(*) AS tp_count FROM `cj_users` LIMIT 1   [ RunTime:0.000147s ]
SQL: SELECT * FROM `cj_users` ORDER BY userid_int desc LIMIT 0,25   [ RunTime:0.000215s ]
NOTIC: [2] Cannot use a scalar value as an array G:\home\ftp\y\yiqixiu\wwwroot\Wesambo\_Core\Lib\Core\View.class.php 第 69 行.
INFO: [ view_template ] --START--
INFO: Run LocationTemplate Behavior [ RunTime:-0.027800s ]
INFO: [ view_template ] --END-- [ RunTime:0.000534s ]
INFO: [ view_parse ] --START--
NOTIC: [8] Undefined index: id G:\home\ftp\y\yiqixiu\wwwroot\Conf\logs\Cache\System\0c005db9ac6e0bb0a0285668787855bf.php 第 224 行.
NOTIC: [8] Undefined index: username G:\home\ftp\y\yiqixiu\wwwroot\Conf\logs\Cache\System\0c005db9ac6e0bb0a0285668787855bf.php 第 227 行.
INFO: Run ParseTemplate Behavior [ RunTime:-0.028381s ]
INFO: [ view_parse ] --END-- [ RunTime:0.014170s ]
INFO: [ view_filter ] --START--
INFO: Run ContentReplace Behavior [ RunTime:-0.042588s ]
INFO: Run TokenBuild Behavior [ RunTime:-0.043042s ]
INFO: Run WriteHtmlCache Behavior [ RunTime:-0.043527s ]
INFO: Run ShowRuntime Behavior [ RunTime:-0.043864s ]
INFO: [ view_filter ] --END-- [ RunTime:0.001761s ]
INFO: [ view_end ] --START--
INFO: Run ShowPageTrace Behavior [ RunTime:-0.044410s ]
INFO: [ view_end ] --END-- [ RunTime:0.000567s ]

