[ 2015-04-23T00:10:49+08:00 ] 122.190.120.141 /index1.php?g=System&m=Admin&a=index
INFO: [ app_begin ] --START--
INFO: Run ReadHtmlCache Behavior [ RunTime:0.000000s ]
INFO: [ app_begin ] --END-- [ RunTime:0.000000s ]
NOTIC: [2] Cannot use a scalar value as an array G:\home\ftp\y\yiqixiu\wwwroot\Wesambo\_Core\Lib\Core\View.class.php 第 69 行.
INFO: [ view_template ] --START--
INFO: Run LocationTemplate Behavior [ RunTime:-0.015625s ]
INFO: [ view_template ] --END-- [ RunTime:0.000000s ]
INFO: [ view_parse ] --START--
INFO: Run ParseTemplate Behavior [ RunTime:-0.015625s ]
INFO: [ view_parse ] --END-- [ RunTime:0.015625s ]
INFO: [ view_filter ] --START--
INFO: Run ContentReplace Behavior [ RunTime:-0.031250s ]
INFO: Run TokenBuild Behavior [ RunTime:-0.031250s ]
INFO: Run WriteHtmlCache Behavior [ RunTime:-0.031250s ]
INFO: Run ShowRuntime Behavior [ RunTime:-0.031250s ]
INFO: [ view_filter ] --END-- [ RunTime:0.000000s ]
INFO: [ view_end ] --START--
INFO: Run ShowPageTrace Behavior [ RunTime:-0.031250s ]
INFO: [ view_end ] --END-- [ RunTime:0.000000s ]

[ 2015-04-23T00:11:22+08:00 ] 122.190.120.141 /index1.php?g=System&m=System&a=index
INFO: [ app_begin ] --START--
INFO: Run ReadHtmlCache Behavior [ RunTime:0.000000s ]
INFO: [ app_begin ] --END-- [ RunTime:0.000000s ]
NOTIC: [8] Undefined variable: staticPath G:\home\ftp\y\yiqixiu\wwwroot\Wesambo\Lib\Action\BaseAction.class.php 第 37 行.
NOTIC: [8] Undefined variable: staticPath G:\home\ftp\y\yiqixiu\wwwroot\Wesambo\Lib\Action\BaseAction.class.php 第 38 行.
NOTIC: [8] Constant STATICS already defined G:\home\ftp\y\yiqixiu\wwwroot\Wesambo\Lib\Action\BaseAction.class.php 第 38 行.
SQL: SHOW COLUMNS FROM `cj_node` [ RunTime:0.000000s ]
SQL: SELECT * FROM `cj_node` WHERE ( `level` = null ) AND ( `pid` = 2 ) AND ( `status` = 1 ) AND ( `display` > 0 ) ORDER BY `sort` asc  [ RunTime:0.000000s ]
SQL: SHOW COLUMNS FROM `cj_node` [ RunTime:0.015625s ]
SQL: SELECT * FROM `cj_node` WHERE ( `display` = 1 ) AND ( `status` = 1 ) ORDER BY `sort` asc  [ RunTime:0.000000s ]
NOTIC: [2] Cannot use a scalar value as an array G:\home\ftp\y\yiqixiu\wwwroot\Wesambo\_Core\Lib\Core\View.class.php 第 69 行.
INFO: [ view_template ] --START--
INFO: Run LocationTemplate Behavior [ RunTime:-0.015625s ]
INFO: [ view_template ] --END-- [ RunTime:0.000000s ]
INFO: [ view_parse ] --START--
INFO: Run ParseTemplate Behavior [ RunTime:-0.015625s ]
INFO: [ view_parse ] --END-- [ RunTime:0.000000s ]
INFO: [ view_filter ] --START--
INFO: Run ContentReplace Behavior [ RunTime:-0.015625s ]
INFO: Run TokenBuild Behavior [ RunTime:-0.015625s ]
INFO: Run WriteHtmlCache Behavior [ RunTime:-0.015625s ]
INFO: Run ShowRuntime Behavior [ RunTime:-0.015625s ]
INFO: [ view_filter ] --END-- [ RunTime:0.000000s ]
INFO: [ view_end ] --START--
INFO: Run ShowPageTrace Behavior [ RunTime:-0.015625s ]
INFO: [ view_end ] --END-- [ RunTime:0.000000s ]

[ 2015-04-23T07:53:45+08:00 ] 122.190.120.141 /index1.php?g=System&m=Admin&a=index
INFO: [ app_begin ] --START--
INFO: Run ReadHtmlCache Behavior [ RunTime:0.000000s ]
INFO: [ app_begin ] --END-- [ RunTime:0.000000s ]
NOTIC: [2] Cannot use a scalar value as an array G:\home\ftp\y\yiqixiu\wwwroot\Wesambo\_Core\Lib\Core\View.class.php 第 69 行.
INFO: [ view_template ] --START--
INFO: Run LocationTemplate Behavior [ RunTime:0.000000s ]
INFO: [ view_template ] --END-- [ RunTime:0.000000s ]
INFO: [ view_parse ] --START--
INFO: Run ParseTemplate Behavior [ RunTime:0.000000s ]
INFO: [ view_parse ] --END-- [ RunTime:0.015625s ]
INFO: [ view_filter ] --START--
INFO: Run ContentReplace Behavior [ RunTime:-0.015625s ]
INFO: Run TokenBuild Behavior [ RunTime:-0.015625s ]
INFO: Run WriteHtmlCache Behavior [ RunTime:-0.015625s ]
INFO: Run ShowRuntime Behavior [ RunTime:-0.015625s ]
INFO: [ view_filter ] --END-- [ RunTime:0.000000s ]
INFO: [ view_end ] --START--
INFO: Run ShowPageTrace Behavior [ RunTime:-0.015625s ]
INFO: [ view_end ] --END-- [ RunTime:0.000000s ]

[ 2015-04-23T07:53:45+08:00 ] 222.73.77.55 /index1.php?g=System&m=Admin&a=index
INFO: [ app_begin ] --START--
INFO: Run ReadHtmlCache Behavior [ RunTime:0.000000s ]
INFO: [ app_begin ] --END-- [ RunTime:0.000000s ]
NOTIC: [2] Cannot use a scalar value as an array G:\home\ftp\y\yiqixiu\wwwroot\Wesambo\_Core\Lib\Core\View.class.php 第 69 行.
INFO: [ view_template ] --START--
INFO: Run LocationTemplate Behavior [ RunTime:0.000000s ]
INFO: [ view_template ] --END-- [ RunTime:0.000000s ]
INFO: [ view_parse ] --START--
INFO: Run ParseTemplate Behavior [ RunTime:0.000000s ]
INFO: [ view_parse ] --END-- [ RunTime:0.000000s ]
INFO: [ view_filter ] --START--
INFO: Run ContentReplace Behavior [ RunTime:0.000000s ]
INFO: Run TokenBuild Behavior [ RunTime:0.000000s ]
INFO: Run WriteHtmlCache Behavior [ RunTime:0.000000s ]
INFO: Run ShowRuntime Behavior [ RunTime:0.000000s ]
INFO: [ view_filter ] --END-- [ RunTime:0.000000s ]
INFO: [ view_end ] --START--
INFO: Run ShowPageTrace Behavior [ RunTime:-0.015625s ]
INFO: [ view_end ] --END-- [ RunTime:0.000000s ]

[ 2015-04-23T07:53:45+08:00 ] 112.64.235.87 /index1.php?g=System&m=Admin&a=index
INFO: [ app_begin ] --START--
INFO: Run ReadHtmlCache Behavior [ RunTime:0.000000s ]
INFO: [ app_begin ] --END-- [ RunTime:0.000000s ]
NOTIC: [2] Cannot use a scalar value as an array G:\home\ftp\y\yiqixiu\wwwroot\Wesambo\_Core\Lib\Core\View.class.php 第 69 行.
INFO: [ view_template ] --START--
INFO: Run LocationTemplate Behavior [ RunTime:0.000000s ]
INFO: [ view_template ] --END-- [ RunTime:0.000000s ]
INFO: [ view_parse ] --START--
INFO: Run ParseTemplate Behavior [ RunTime:0.000000s ]
INFO: [ view_parse ] --END-- [ RunTime:0.015625s ]
INFO: [ view_filter ] --START--
INFO: Run ContentReplace Behavior [ RunTime:-0.015625s ]
INFO: Run TokenBuild Behavior [ RunTime:-0.015625s ]
INFO: Run WriteHtmlCache Behavior [ RunTime:-0.015625s ]
INFO: Run ShowRuntime Behavior [ RunTime:-0.015625s ]
INFO: [ view_filter ] --END-- [ RunTime:0.000000s ]
INFO: [ view_end ] --START--
INFO: Run ShowPageTrace Behavior [ RunTime:-0.015625s ]
INFO: [ view_end ] --END-- [ RunTime:0.000000s ]

[ 2015-04-23T07:53:55+08:00 ] 122.190.120.141 /index1.php?g=System&m=System&a=index
INFO: [ app_begin ] --START--
INFO: Run ReadHtmlCache Behavior [ RunTime:0.000000s ]
INFO: [ app_begin ] --END-- [ RunTime:0.000000s ]
NOTIC: [8] Undefined variable: staticPath G:\home\ftp\y\yiqixiu\wwwroot\Wesambo\Lib\Action\BaseAction.class.php 第 37 行.
NOTIC: [8] Undefined variable: staticPath G:\home\ftp\y\yiqixiu\wwwroot\Wesambo\Lib\Action\BaseAction.class.php 第 38 行.
NOTIC: [8] Constant STATICS already defined G:\home\ftp\y\yiqixiu\wwwroot\Wesambo\Lib\Action\BaseAction.class.php 第 38 行.
SQL: SHOW COLUMNS FROM `cj_node` [ RunTime:0.000000s ]
SQL: SELECT * FROM `cj_node` WHERE ( `level` = null ) AND ( `pid` = 2 ) AND ( `status` = 1 ) AND ( `display` > 0 ) ORDER BY `sort` asc  [ RunTime:0.000000s ]
SQL: SHOW COLUMNS FROM `cj_node` [ RunTime:0.000000s ]
SQL: SELECT * FROM `cj_node` WHERE ( `display` = 1 ) AND ( `status` = 1 ) ORDER BY `sort` asc  [ RunTime:0.000000s ]
NOTIC: [2] Cannot use a scalar value as an array G:\home\ftp\y\yiqixiu\wwwroot\Wesambo\_Core\Lib\Core\View.class.php 第 69 行.
INFO: [ view_template ] --START--
INFO: Run LocationTemplate Behavior [ RunTime:-0.015625s ]
INFO: [ view_template ] --END-- [ RunTime:0.000000s ]
INFO: [ view_parse ] --START--
INFO: Run ParseTemplate Behavior [ RunTime:-0.015625s ]
INFO: [ view_parse ] --END-- [ RunTime:0.015625s ]
INFO: [ view_filter ] --START--
INFO: Run ContentReplace Behavior [ RunTime:-0.031250s ]
INFO: Run TokenBuild Behavior [ RunTime:-0.031250s ]
INFO: Run WriteHtmlCache Behavior [ RunTime:-0.031250s ]
INFO: Run ShowRuntime Behavior [ RunTime:-0.031250s ]
INFO: [ view_filter ] --END-- [ RunTime:0.000000s ]
INFO: [ view_end ] --START--
INFO: Run ShowPageTrace Behavior [ RunTime:-0.031250s ]
INFO: [ view_end ] --END-- [ RunTime:0.000000s ]

[ 2015-04-23T07:54:06+08:00 ] 122.190.120.141 /index1.php?g=System&m=Users&a=index&pid=50&level=3
INFO: [ app_begin ] --START--
INFO: Run ReadHtmlCache Behavior [ RunTime:0.000000s ]
INFO: [ app_begin ] --END-- [ RunTime:0.000000s ]
NOTIC: [8] Undefined variable: staticPath G:\home\ftp\y\yiqixiu\wwwroot\Wesambo\Lib\Action\BaseAction.class.php 第 37 行.
NOTIC: [8] Undefined variable: staticPath G:\home\ftp\y\yiqixiu\wwwroot\Wesambo\Lib\Action\BaseAction.class.php 第 38 行.
NOTIC: [8] Constant STATICS already defined G:\home\ftp\y\yiqixiu\wwwroot\Wesambo\Lib\Action\BaseAction.class.php 第 38 行.
SQL: SHOW COLUMNS FROM `cj_node` [ RunTime:0.015625s ]
SQL: SELECT * FROM `cj_node` WHERE ( `level` = 3 ) AND ( `pid` = 50 ) AND ( `status` = 1 ) AND ( `display` > 0 ) ORDER BY `sort` asc  [ RunTime:0.000000s ]
SQL: SHOW COLUMNS FROM `cj_users` [ RunTime:0.000000s ]
SQL: SHOW COLUMNS FROM `cj_user_group` [ RunTime:0.000000s ]
SQL: SELECT `id`,`name` FROM `cj_user_group` ORDER BY id desc  [ RunTime:0.000000s ]
SQL: SELECT COUNT(*) AS tp_count FROM `cj_users` LIMIT 1   [ RunTime:0.000000s ]
SQL: SELECT * FROM `cj_users` ORDER BY userid_int desc LIMIT 0,25   [ RunTime:0.000000s ]
NOTIC: [2] Cannot use a scalar value as an array G:\home\ftp\y\yiqixiu\wwwroot\Wesambo\_Core\Lib\Core\View.class.php 第 69 行.
INFO: [ view_template ] --START--
INFO: Run LocationTemplate Behavior [ RunTime:-0.031250s ]
INFO: [ view_template ] --END-- [ RunTime:0.000000s ]
INFO: [ view_parse ] --START--
NOTIC: [8] Undefined index: id G:\home\ftp\y\yiqixiu\wwwroot\Conf\logs\Cache\System\0c005db9ac6e0bb0a0285668787855bf.php 第 224 行.
NOTIC: [8] Undefined index: username G:\home\ftp\y\yiqixiu\wwwroot\Conf\logs\Cache\System\0c005db9ac6e0bb0a0285668787855bf.php 第 227 行.
NOTIC: [8] Undefined index: id G:\home\ftp\y\yiqixiu\wwwroot\Conf\logs\Cache\System\0c005db9ac6e0bb0a0285668787855bf.php 第 224 行.
NOTIC: [8] Undefined index: username G:\home\ftp\y\yiqixiu\wwwroot\Conf\logs\Cache\System\0c005db9ac6e0bb0a0285668787855bf.php 第 227 行.
INFO: Run ParseTemplate Behavior [ RunTime:-0.031250s ]
INFO: [ view_parse ] --END-- [ RunTime:0.015625s ]
INFO: [ view_filter ] --START--
INFO: Run ContentReplace Behavior [ RunTime:-0.046875s ]
INFO: Run TokenBuild Behavior [ RunTime:-0.046875s ]
INFO: Run WriteHtmlCache Behavior [ RunTime:-0.046875s ]
INFO: Run ShowRuntime Behavior [ RunTime:-0.046875s ]
INFO: [ view_filter ] --END-- [ RunTime:0.000000s ]
INFO: [ view_end ] --START--
INFO: Run ShowPageTrace Behavior [ RunTime:-0.046875s ]
INFO: [ view_end ] --END-- [ RunTime:0.000000s ]

[ 2015-04-23T07:54:08+08:00 ] 122.190.120.141 /index1.php?g=System&m=Users&a=edit&userid_int=2
INFO: [ app_begin ] --START--
INFO: Run ReadHtmlCache Behavior [ RunTime:0.015625s ]
INFO: [ app_begin ] --END-- [ RunTime:0.015625s ]
NOTIC: [8] Undefined variable: staticPath G:\home\ftp\y\yiqixiu\wwwroot\Wesambo\Lib\Action\BaseAction.class.php 第 37 行.
NOTIC: [8] Undefined variable: staticPath G:\home\ftp\y\yiqixiu\wwwroot\Wesambo\Lib\Action\BaseAction.class.php 第 38 行.
NOTIC: [8] Constant STATICS already defined G:\home\ftp\y\yiqixiu\wwwroot\Wesambo\Lib\Action\BaseAction.class.php 第 38 行.
SQL: SHOW COLUMNS FROM `cj_node` [ RunTime:0.000000s ]
SQL: SELECT * FROM `cj_node` WHERE ( `level` = null ) AND ( `pid` = 2 ) AND ( `status` = 1 ) AND ( `display` > 0 ) ORDER BY `sort` asc  [ RunTime:0.000000s ]
SQL: SHOW COLUMNS FROM `cj_users` [ RunTime:0.000000s ]
SQL: SHOW COLUMNS FROM `cj_user_group` [ RunTime:0.000000s ]
SQL: SELECT `id`,`name` FROM `cj_user_group` WHERE ( `status` = 1 )  [ RunTime:0.000000s ]
SQL: SELECT * FROM `cj_users` WHERE ( `userid_int` = 2 ) LIMIT 1   [ RunTime:0.000000s ]
NOTIC: [2] Cannot use a scalar value as an array G:\home\ftp\y\yiqixiu\wwwroot\Wesambo\_Core\Lib\Core\View.class.php 第 69 行.
INFO: [ view_template ] --START--
INFO: Run LocationTemplate Behavior [ RunTime:-0.015625s ]
INFO: [ view_template ] --END-- [ RunTime:0.000000s ]
INFO: [ view_parse ] --START--
INFO: Run ParseTemplate Behavior [ RunTime:-0.015625s ]
INFO: [ view_parse ] --END-- [ RunTime:0.015625s ]
INFO: [ view_filter ] --START--
INFO: Run ContentReplace Behavior [ RunTime:-0.031250s ]
INFO: Run TokenBuild Behavior [ RunTime:-0.031250s ]
INFO: Run WriteHtmlCache Behavior [ RunTime:-0.031250s ]
INFO: Run ShowRuntime Behavior [ RunTime:-0.031250s ]
INFO: [ view_filter ] --END-- [ RunTime:0.000000s ]
INFO: [ view_end ] --START--
INFO: Run ShowPageTrace Behavior [ RunTime:-0.031250s ]
INFO: [ view_end ] --END-- [ RunTime:0.000000s ]

[ 2015-04-23T07:54:15+08:00 ] 101.226.66.178 /index1.php?g=System&m=Admin&a=index
INFO: [ app_begin ] --START--
INFO: Run ReadHtmlCache Behavior [ RunTime:0.000000s ]
INFO: [ app_begin ] --END-- [ RunTime:0.000000s ]
NOTIC: [2] Cannot use a scalar value as an array G:\home\ftp\y\yiqixiu\wwwroot\Wesambo\_Core\Lib\Core\View.class.php 第 69 行.
INFO: [ view_template ] --START--
INFO: Run LocationTemplate Behavior [ RunTime:0.000000s ]
INFO: [ view_template ] --END-- [ RunTime:0.000000s ]
INFO: [ view_parse ] --START--
INFO: Run ParseTemplate Behavior [ RunTime:0.000000s ]
INFO: [ view_parse ] --END-- [ RunTime:0.015625s ]
INFO: [ view_filter ] --START--
INFO: Run ContentReplace Behavior [ RunTime:-0.015625s ]
INFO: Run TokenBuild Behavior [ RunTime:-0.015625s ]
INFO: Run WriteHtmlCache Behavior [ RunTime:-0.015625s ]
INFO: Run ShowRuntime Behavior [ RunTime:-0.015625s ]
INFO: [ view_filter ] --END-- [ RunTime:0.000000s ]
INFO: [ view_end ] --START--
INFO: Run ShowPageTrace Behavior [ RunTime:-0.015625s ]
INFO: [ view_end ] --END-- [ RunTime:0.000000s ]

[ 2015-04-23T07:54:16+08:00 ] 122.190.120.141 /index1.php?g=System&m=Users&a=edit
INFO: [ app_begin ] --START--
INFO: Run ReadHtmlCache Behavior [ RunTime:0.000000s ]
INFO: [ app_begin ] --END-- [ RunTime:0.000000s ]
NOTIC: [8] Undefined variable: staticPath G:\home\ftp\y\yiqixiu\wwwroot\Wesambo\Lib\Action\BaseAction.class.php 第 37 行.
NOTIC: [8] Undefined variable: staticPath G:\home\ftp\y\yiqixiu\wwwroot\Wesambo\Lib\Action\BaseAction.class.php 第 38 行.
NOTIC: [8] Constant STATICS already defined G:\home\ftp\y\yiqixiu\wwwroot\Wesambo\Lib\Action\BaseAction.class.php 第 38 行.
SQL: SHOW COLUMNS FROM `cj_node` [ RunTime:0.000000s ]
SQL: SELECT * FROM `cj_node` WHERE ( `level` = null ) AND ( `pid` = 2 ) AND ( `status` = 1 ) AND ( `display` > 0 ) ORDER BY `sort` asc  [ RunTime:0.000000s ]
SQL: SHOW COLUMNS FROM `cj_users` [ RunTime:0.000000s ]
SQL: SHOW COLUMNS FROM `cj_users` [ RunTime:0.000000s ]
NOTIC: [8] Undefined index: id G:\home\ftp\y\yiqixiu\wwwroot\Wesambo\Lib\Action\System\UsersAction.class.php 第 151 行.
SQL: SELECT * FROM `cj_users` LIMIT 1   [ RunTime:0.000000s ]
NOTIC: [8] Undefined index: viptime G:\home\ftp\y\yiqixiu\wwwroot\Wesambo\Lib\Action\System\UsersAction.class.php 第 165 行.
SQL: UPDATE `cj_users` SET `userid_int`='2',`status_int`='1',`scene_times`='0',`limit_time`='2017-04-26',`remark`='' WHERE ( `email_varchar` = 'admin@haoid.cn' ) [ RunTime:0.000000s ]
NOTIC: [8] Undefined index: gid G:\home\ftp\y\yiqixiu\wwwroot\Wesambo\Lib\Action\System\UsersAction.class.php 第 168 行.
NOTIC: [8] Undefined index: gid G:\home\ftp\y\yiqixiu\wwwroot\Wesambo\Lib\Action\System\UsersAction.class.php 第 168 行.
NOTIC: [2] Cannot use a scalar value as an array G:\home\ftp\y\yiqixiu\wwwroot\Wesambo\_Core\Lib\Core\View.class.php 第 69 行.
INFO: [ view_template ] --START--
INFO: Run LocationTemplate Behavior [ RunTime:-0.015625s ]
INFO: [ view_template ] --END-- [ RunTime:0.000000s ]
INFO: [ view_parse ] --START--
INFO: Run ParseTemplate Behavior [ RunTime:-0.015625s ]
INFO: [ view_parse ] --END-- [ RunTime:0.015625s ]
INFO: [ view_filter ] --START--
INFO: Run ContentReplace Behavior [ RunTime:-0.031250s ]
INFO: Run TokenBuild Behavior [ RunTime:-0.031250s ]
INFO: Run WriteHtmlCache Behavior [ RunTime:-0.031250s ]
INFO: Run ShowRuntime Behavior [ RunTime:-0.031250s ]
INFO: [ view_filter ] --END-- [ RunTime:0.000000s ]
INFO: [ view_end ] --START--
INFO: Run ShowPageTrace Behavior [ RunTime:-0.031250s ]
INFO: [ view_end ] --END-- [ RunTime:0.000000s ]

[ 2015-04-23T07:54:19+08:00 ] 122.190.120.141 /index1.php?g=System&m=Users&a=index
INFO: [ app_begin ] --START--
INFO: Run ReadHtmlCache Behavior [ RunTime:0.000000s ]
INFO: [ app_begin ] --END-- [ RunTime:0.015625s ]
NOTIC: [8] Undefined variable: staticPath G:\home\ftp\y\yiqixiu\wwwroot\Wesambo\Lib\Action\BaseAction.class.php 第 37 行.
NOTIC: [8] Undefined variable: staticPath G:\home\ftp\y\yiqixiu\wwwroot\Wesambo\Lib\Action\BaseAction.class.php 第 38 行.
NOTIC: [8] Constant STATICS already defined G:\home\ftp\y\yiqixiu\wwwroot\Wesambo\Lib\Action\BaseAction.class.php 第 38 行.
SQL: SHOW COLUMNS FROM `cj_node` [ RunTime:0.000000s ]
SQL: SELECT * FROM `cj_node` WHERE ( `level` = null ) AND ( `pid` = 2 ) AND ( `status` = 1 ) AND ( `display` > 0 ) ORDER BY `sort` asc  [ RunTime:0.000000s ]
SQL: SHOW COLUMNS FROM `cj_users` [ RunTime:0.000000s ]
SQL: SHOW COLUMNS FROM `cj_user_group` [ RunTime:0.000000s ]
SQL: SELECT `id`,`name` FROM `cj_user_group` ORDER BY id desc  [ RunTime:0.000000s ]
SQL: SELECT COUNT(*) AS tp_count FROM `cj_users` LIMIT 1   [ RunTime:0.000000s ]
SQL: SELECT * FROM `cj_users` ORDER BY userid_int desc LIMIT 0,25   [ RunTime:0.000000s ]
NOTIC: [2] Cannot use a scalar value as an array G:\home\ftp\y\yiqixiu\wwwroot\Wesambo\_Core\Lib\Core\View.class.php 第 69 行.
INFO: [ view_template ] --START--
INFO: Run LocationTemplate Behavior [ RunTime:-0.015625s ]
INFO: [ view_template ] --END-- [ RunTime:0.000000s ]
INFO: [ view_parse ] --START--
NOTIC: [8] Undefined index: id G:\home\ftp\y\yiqixiu\wwwroot\Conf\logs\Cache\System\0c005db9ac6e0bb0a0285668787855bf.php 第 224 行.
NOTIC: [8] Undefined index: username G:\home\ftp\y\yiqixiu\wwwroot\Conf\logs\Cache\System\0c005db9ac6e0bb0a0285668787855bf.php 第 227 行.
NOTIC: [8] Undefined index: id G:\home\ftp\y\yiqixiu\wwwroot\Conf\logs\Cache\System\0c005db9ac6e0bb0a0285668787855bf.php 第 224 行.
NOTIC: [8] Undefined index: username G:\home\ftp\y\yiqixiu\wwwroot\Conf\logs\Cache\System\0c005db9ac6e0bb0a0285668787855bf.php 第 227 行.
INFO: Run ParseTemplate Behavior [ RunTime:-0.015625s ]
INFO: [ view_parse ] --END-- [ RunTime:0.015625s ]
INFO: [ view_filter ] --START--
INFO: Run ContentReplace Behavior [ RunTime:-0.031250s ]
INFO: Run TokenBuild Behavior [ RunTime:-0.031250s ]
INFO: Run WriteHtmlCache Behavior [ RunTime:-0.031250s ]
INFO: Run ShowRuntime Behavior [ RunTime:-0.031250s ]
INFO: [ view_filter ] --END-- [ RunTime:0.000000s ]
INFO: [ view_end ] --START--
INFO: Run ShowPageTrace Behavior [ RunTime:-0.031250s ]
INFO: [ view_end ] --END-- [ RunTime:0.000000s ]

[ 2015-04-23T07:54:22+08:00 ] 101.226.89.120 /index1.php?g=System&m=Admin&a=index
INFO: [ app_begin ] --START--
INFO: Run ReadHtmlCache Behavior [ RunTime:0.000000s ]
INFO: [ app_begin ] --END-- [ RunTime:0.000000s ]
NOTIC: [2] Cannot use a scalar value as an array G:\home\ftp\y\yiqixiu\wwwroot\Wesambo\_Core\Lib\Core\View.class.php 第 69 行.
INFO: [ view_template ] --START--
INFO: Run LocationTemplate Behavior [ RunTime:0.000000s ]
INFO: [ view_template ] --END-- [ RunTime:0.000000s ]
INFO: [ view_parse ] --START--
INFO: Run ParseTemplate Behavior [ RunTime:0.000000s ]
INFO: [ view_parse ] --END-- [ RunTime:0.015625s ]
INFO: [ view_filter ] --START--
INFO: Run ContentReplace Behavior [ RunTime:-0.015625s ]
INFO: Run TokenBuild Behavior [ RunTime:-0.015625s ]
INFO: Run WriteHtmlCache Behavior [ RunTime:-0.015625s ]
INFO: Run ShowRuntime Behavior [ RunTime:-0.015625s ]
INFO: [ view_filter ] --END-- [ RunTime:0.000000s ]
INFO: [ view_end ] --START--
INFO: Run ShowPageTrace Behavior [ RunTime:-0.015625s ]
INFO: [ view_end ] --END-- [ RunTime:0.000000s ]

[ 2015-04-23T07:54:55+08:00 ] 122.190.120.141 /index1.php?g=System&m=System&a=index
INFO: [ app_begin ] --START--
INFO: Run ReadHtmlCache Behavior [ RunTime:0.000000s ]
INFO: [ app_begin ] --END-- [ RunTime:0.000000s ]
NOTIC: [8] Undefined variable: staticPath G:\home\ftp\y\yiqixiu\wwwroot\Wesambo\Lib\Action\BaseAction.class.php 第 37 行.
NOTIC: [8] Undefined variable: staticPath G:\home\ftp\y\yiqixiu\wwwroot\Wesambo\Lib\Action\BaseAction.class.php 第 38 行.
NOTIC: [8] Constant STATICS already defined G:\home\ftp\y\yiqixiu\wwwroot\Wesambo\Lib\Action\BaseAction.class.php 第 38 行.
SQL: SHOW COLUMNS FROM `cj_node` [ RunTime:0.000000s ]
SQL: SELECT * FROM `cj_node` WHERE ( `level` = null ) AND ( `pid` = 2 ) AND ( `status` = 1 ) AND ( `display` > 0 ) ORDER BY `sort` asc  [ RunTime:0.000000s ]
SQL: SHOW COLUMNS FROM `cj_node` [ RunTime:0.000000s ]
SQL: SELECT * FROM `cj_node` WHERE ( `display` = 1 ) AND ( `status` = 1 ) ORDER BY `sort` asc  [ RunTime:0.000000s ]
NOTIC: [2] Cannot use a scalar value as an array G:\home\ftp\y\yiqixiu\wwwroot\Wesambo\_Core\Lib\Core\View.class.php 第 69 行.
INFO: [ view_template ] --START--
INFO: Run LocationTemplate Behavior [ RunTime:-0.031250s ]
INFO: [ view_template ] --END-- [ RunTime:0.000000s ]
INFO: [ view_parse ] --START--
INFO: Run ParseTemplate Behavior [ RunTime:-0.031250s ]
INFO: [ view_parse ] --END-- [ RunTime:0.015625s ]
INFO: [ view_filter ] --START--
INFO: Run ContentReplace Behavior [ RunTime:-0.046875s ]
INFO: Run TokenBuild Behavior [ RunTime:-0.046875s ]
INFO: Run WriteHtmlCache Behavior [ RunTime:-0.046875s ]
INFO: Run ShowRuntime Behavior [ RunTime:-0.046875s ]
INFO: [ view_filter ] --END-- [ RunTime:0.000000s ]
INFO: [ view_end ] --START--
INFO: Run ShowPageTrace Behavior [ RunTime:-0.046875s ]
INFO: [ view_end ] --END-- [ RunTime:0.000000s ]

[ 2015-04-23T07:56:38+08:00 ] 122.190.120.141 /index1.php?g=System&m=System&a=index
INFO: [ app_begin ] --START--
INFO: Run ReadHtmlCache Behavior [ RunTime:0.000000s ]
INFO: [ app_begin ] --END-- [ RunTime:0.000000s ]
NOTIC: [8] Undefined variable: staticPath G:\home\ftp\y\yiqixiu\wwwroot\Wesambo\Lib\Action\BaseAction.class.php 第 37 行.
NOTIC: [8] Undefined variable: staticPath G:\home\ftp\y\yiqixiu\wwwroot\Wesambo\Lib\Action\BaseAction.class.php 第 38 行.
NOTIC: [8] Constant STATICS already defined G:\home\ftp\y\yiqixiu\wwwroot\Wesambo\Lib\Action\BaseAction.class.php 第 38 行.
SQL: SHOW COLUMNS FROM `cj_node` [ RunTime:0.000000s ]
SQL: SELECT * FROM `cj_node` WHERE ( `level` = null ) AND ( `pid` = 2 ) AND ( `status` = 1 ) AND ( `display` > 0 ) ORDER BY `sort` asc  [ RunTime:0.000000s ]
SQL: SHOW COLUMNS FROM `cj_node` [ RunTime:0.000000s ]
SQL: SELECT * FROM `cj_node` WHERE ( `display` = 1 ) AND ( `status` = 1 ) ORDER BY `sort` asc  [ RunTime:0.000000s ]
NOTIC: [2] Cannot use a scalar value as an array G:\home\ftp\y\yiqixiu\wwwroot\Wesambo\_Core\Lib\Core\View.class.php 第 69 行.
INFO: [ view_template ] --START--
INFO: Run LocationTemplate Behavior [ RunTime:-0.015625s ]
INFO: [ view_template ] --END-- [ RunTime:0.000000s ]
INFO: [ view_parse ] --START--
INFO: Run ParseTemplate Behavior [ RunTime:-0.015625s ]
INFO: [ view_parse ] --END-- [ RunTime:0.015625s ]
INFO: [ view_filter ] --START--
INFO: Run ContentReplace Behavior [ RunTime:-0.031250s ]
INFO: Run TokenBuild Behavior [ RunTime:-0.031250s ]
INFO: Run WriteHtmlCache Behavior [ RunTime:-0.031250s ]
INFO: Run ShowRuntime Behavior [ RunTime:-0.031250s ]
INFO: [ view_filter ] --END-- [ RunTime:0.000000s ]
INFO: [ view_end ] --START--
INFO: Run ShowPageTrace Behavior [ RunTime:-0.031250s ]
INFO: [ view_end ] --END-- [ RunTime:0.000000s ]

[ 2015-04-23T08:00:40+08:00 ] 122.190.120.141 /index1.php?g=System&m=System&a=index
INFO: [ app_begin ] --START--
INFO: Run ReadHtmlCache Behavior [ RunTime:0.000000s ]
INFO: [ app_begin ] --END-- [ RunTime:0.000000s ]
NOTIC: [8] Undefined variable: staticPath G:\home\ftp\y\yiqixiu\wwwroot\Wesambo\Lib\Action\BaseAction.class.php 第 37 行.
NOTIC: [8] Undefined variable: staticPath G:\home\ftp\y\yiqixiu\wwwroot\Wesambo\Lib\Action\BaseAction.class.php 第 38 行.
NOTIC: [8] Constant STATICS already defined G:\home\ftp\y\yiqixiu\wwwroot\Wesambo\Lib\Action\BaseAction.class.php 第 38 行.
SQL: SHOW COLUMNS FROM `cj_node` [ RunTime:0.000000s ]
SQL: SELECT * FROM `cj_node` WHERE ( `level` = null ) AND ( `pid` = 2 ) AND ( `status` = 1 ) AND ( `display` > 0 ) ORDER BY `sort` asc  [ RunTime:0.000000s ]
SQL: SHOW COLUMNS FROM `cj_node` [ RunTime:0.000000s ]
SQL: SELECT * FROM `cj_node` WHERE ( `display` = 1 ) AND ( `status` = 1 ) ORDER BY `sort` asc  [ RunTime:0.000000s ]
NOTIC: [2] Cannot use a scalar value as an array G:\home\ftp\y\yiqixiu\wwwroot\Wesambo\_Core\Lib\Core\View.class.php 第 69 行.
INFO: [ view_template ] --START--
INFO: Run LocationTemplate Behavior [ RunTime:-0.015625s ]
INFO: [ view_template ] --END-- [ RunTime:0.000000s ]
INFO: [ view_parse ] --START--
INFO: Run ParseTemplate Behavior [ RunTime:-0.015625s ]
INFO: [ view_parse ] --END-- [ RunTime:0.015625s ]
INFO: [ view_filter ] --START--
INFO: Run ContentReplace Behavior [ RunTime:-0.031250s ]
INFO: Run TokenBuild Behavior [ RunTime:-0.031250s ]
INFO: Run WriteHtmlCache Behavior [ RunTime:-0.031250s ]
INFO: Run ShowRuntime Behavior [ RunTime:-0.031250s ]
INFO: [ view_filter ] --END-- [ RunTime:0.000000s ]
INFO: [ view_end ] --START--
INFO: Run ShowPageTrace Behavior [ RunTime:-0.031250s ]
INFO: [ view_end ] --END-- [ RunTime:0.000000s ]

[ 2015-04-23T08:02:37+08:00 ] 122.190.120.141 /index1.php?g=System&m=System&a=index
INFO: [ app_begin ] --START--
INFO: Run ReadHtmlCache Behavior [ RunTime:0.000000s ]
INFO: [ app_begin ] --END-- [ RunTime:0.000000s ]
NOTIC: [8] Undefined variable: staticPath G:\home\ftp\y\yiqixiu\wwwroot\Wesambo\Lib\Action\BaseAction.class.php 第 37 行.
NOTIC: [8] Undefined variable: staticPath G:\home\ftp\y\yiqixiu\wwwroot\Wesambo\Lib\Action\BaseAction.class.php 第 38 行.
NOTIC: [8] Constant STATICS already defined G:\home\ftp\y\yiqixiu\wwwroot\Wesambo\Lib\Action\BaseAction.class.php 第 38 行.
SQL: SHOW COLUMNS FROM `cj_node` [ RunTime:0.015625s ]
SQL: SELECT * FROM `cj_node` WHERE ( `level` = null ) AND ( `pid` = 2 ) AND ( `status` = 1 ) AND ( `display` > 0 ) ORDER BY `sort` asc  [ RunTime:0.000000s ]
SQL: SHOW COLUMNS FROM `cj_node` [ RunTime:0.000000s ]
SQL: SELECT * FROM `cj_node` WHERE ( `display` = 1 ) AND ( `status` = 1 ) ORDER BY `sort` asc  [ RunTime:0.000000s ]
NOTIC: [2] Cannot use a scalar value as an array G:\home\ftp\y\yiqixiu\wwwroot\Wesambo\_Core\Lib\Core\View.class.php 第 69 行.
INFO: [ view_template ] --START--
INFO: Run LocationTemplate Behavior [ RunTime:-0.031250s ]
INFO: [ view_template ] --END-- [ RunTime:0.000000s ]
INFO: [ view_parse ] --START--
INFO: Run ParseTemplate Behavior [ RunTime:-0.031250s ]
INFO: [ view_parse ] --END-- [ RunTime:0.000000s ]
INFO: [ view_filter ] --START--
INFO: Run ContentReplace Behavior [ RunTime:-0.031250s ]
INFO: Run TokenBuild Behavior [ RunTime:-0.031250s ]
INFO: Run WriteHtmlCache Behavior [ RunTime:-0.031250s ]
INFO: Run ShowRuntime Behavior [ RunTime:-0.031250s ]
INFO: [ view_filter ] --END-- [ RunTime:0.000000s ]
INFO: [ view_end ] --START--
INFO: Run ShowPageTrace Behavior [ RunTime:-0.031250s ]
INFO: [ view_end ] --END-- [ RunTime:0.000000s ]

[ 2015-04-23T08:03:18+08:00 ] 122.190.120.141 /index1.php?g=System&m=System&a=index
INFO: [ app_begin ] --START--
INFO: Run ReadHtmlCache Behavior [ RunTime:0.000000s ]
INFO: [ app_begin ] --END-- [ RunTime:0.000000s ]
NOTIC: [8] Undefined variable: staticPath G:\home\ftp\y\yiqixiu\wwwroot\Wesambo\Lib\Action\BaseAction.class.php 第 37 行.
NOTIC: [8] Undefined variable: staticPath G:\home\ftp\y\yiqixiu\wwwroot\Wesambo\Lib\Action\BaseAction.class.php 第 38 行.
NOTIC: [8] Constant STATICS already defined G:\home\ftp\y\yiqixiu\wwwroot\Wesambo\Lib\Action\BaseAction.class.php 第 38 行.
SQL: SHOW COLUMNS FROM `cj_node` [ RunTime:0.000000s ]
SQL: SELECT * FROM `cj_node` WHERE ( `level` = null ) AND ( `pid` = 2 ) AND ( `status` = 1 ) AND ( `display` > 0 ) ORDER BY `sort` asc  [ RunTime:0.000000s ]
SQL: SHOW COLUMNS FROM `cj_node` [ RunTime:0.000000s ]
SQL: SELECT * FROM `cj_node` WHERE ( `display` = 1 ) AND ( `status` = 1 ) ORDER BY `sort` asc  [ RunTime:0.000000s ]
NOTIC: [2] Cannot use a scalar value as an array G:\home\ftp\y\yiqixiu\wwwroot\Wesambo\_Core\Lib\Core\View.class.php 第 69 行.
INFO: [ view_template ] --START--
INFO: Run LocationTemplate Behavior [ RunTime:-0.015625s ]
INFO: [ view_template ] --END-- [ RunTime:0.000000s ]
INFO: [ view_parse ] --START--
INFO: Run ParseTemplate Behavior [ RunTime:-0.015625s ]
INFO: [ view_parse ] --END-- [ RunTime:0.015625s ]
INFO: [ view_filter ] --START--
INFO: Run ContentReplace Behavior [ RunTime:-0.031250s ]
INFO: Run TokenBuild Behavior [ RunTime:-0.031250s ]
INFO: Run WriteHtmlCache Behavior [ RunTime:-0.031250s ]
INFO: Run ShowRuntime Behavior [ RunTime:-0.031250s ]
INFO: [ view_filter ] --END-- [ RunTime:0.000000s ]
INFO: [ view_end ] --START--
INFO: Run ShowPageTrace Behavior [ RunTime:-0.031250s ]
INFO: [ view_end ] --END-- [ RunTime:0.000000s ]

[ 2015-04-23T08:03:39+08:00 ] 122.190.120.141 /index1.php?g=System&m=System&a=index
INFO: [ app_begin ] --START--
INFO: Run ReadHtmlCache Behavior [ RunTime:0.000000s ]
INFO: [ app_begin ] --END-- [ RunTime:0.000000s ]
NOTIC: [8] Undefined variable: staticPath G:\home\ftp\y\yiqixiu\wwwroot\Wesambo\Lib\Action\BaseAction.class.php 第 37 行.
NOTIC: [8] Undefined variable: staticPath G:\home\ftp\y\yiqixiu\wwwroot\Wesambo\Lib\Action\BaseAction.class.php 第 38 行.
NOTIC: [8] Constant STATICS already defined G:\home\ftp\y\yiqixiu\wwwroot\Wesambo\Lib\Action\BaseAction.class.php 第 38 行.
SQL: SHOW COLUMNS FROM `cj_node` [ RunTime:0.000000s ]
SQL: SELECT * FROM `cj_node` WHERE ( `level` = null ) AND ( `pid` = 2 ) AND ( `status` = 1 ) AND ( `display` > 0 ) ORDER BY `sort` asc  [ RunTime:0.000000s ]
SQL: SHOW COLUMNS FROM `cj_node` [ RunTime:0.000000s ]
SQL: SELECT * FROM `cj_node` WHERE ( `display` = 1 ) AND ( `status` = 1 ) ORDER BY `sort` asc  [ RunTime:0.000000s ]
NOTIC: [2] Cannot use a scalar value as an array G:\home\ftp\y\yiqixiu\wwwroot\Wesambo\_Core\Lib\Core\View.class.php 第 69 行.
INFO: [ view_template ] --START--
INFO: Run LocationTemplate Behavior [ RunTime:-0.031250s ]
INFO: [ view_template ] --END-- [ RunTime:0.000000s ]
INFO: [ view_parse ] --START--
INFO: Run ParseTemplate Behavior [ RunTime:-0.031250s ]
INFO: [ view_parse ] --END-- [ RunTime:0.015625s ]
INFO: [ view_filter ] --START--
INFO: Run ContentReplace Behavior [ RunTime:-0.046875s ]
INFO: Run TokenBuild Behavior [ RunTime:-0.046875s ]
INFO: Run WriteHtmlCache Behavior [ RunTime:-0.046875s ]
INFO: Run ShowRuntime Behavior [ RunTime:-0.046875s ]
INFO: [ view_filter ] --END-- [ RunTime:0.000000s ]
INFO: [ view_end ] --START--
INFO: Run ShowPageTrace Behavior [ RunTime:-0.046875s ]
INFO: [ view_end ] --END-- [ RunTime:0.000000s ]

[ 2015-04-23T08:03:40+08:00 ] 122.190.120.141 /index1.php?g=System&m=System&a=index
INFO: [ app_begin ] --START--
INFO: Run ReadHtmlCache Behavior [ RunTime:0.000000s ]
INFO: [ app_begin ] --END-- [ RunTime:0.000000s ]
NOTIC: [8] Undefined variable: staticPath G:\home\ftp\y\yiqixiu\wwwroot\Wesambo\Lib\Action\BaseAction.class.php 第 37 行.
NOTIC: [8] Undefined variable: staticPath G:\home\ftp\y\yiqixiu\wwwroot\Wesambo\Lib\Action\BaseAction.class.php 第 38 行.
NOTIC: [8] Constant STATICS already defined G:\home\ftp\y\yiqixiu\wwwroot\Wesambo\Lib\Action\BaseAction.class.php 第 38 行.
SQL: SHOW COLUMNS FROM `cj_node` [ RunTime:0.000000s ]
SQL: SELECT * FROM `cj_node` WHERE ( `level` = null ) AND ( `pid` = 2 ) AND ( `status` = 1 ) AND ( `display` > 0 ) ORDER BY `sort` asc  [ RunTime:0.000000s ]
SQL: SHOW COLUMNS FROM `cj_node` [ RunTime:0.000000s ]
SQL: SELECT * FROM `cj_node` WHERE ( `display` = 1 ) AND ( `status` = 1 ) ORDER BY `sort` asc  [ RunTime:0.000000s ]
NOTIC: [2] Cannot use a scalar value as an array G:\home\ftp\y\yiqixiu\wwwroot\Wesambo\_Core\Lib\Core\View.class.php 第 69 行.
INFO: [ view_template ] --START--
INFO: Run LocationTemplate Behavior [ RunTime:-0.015625s ]
INFO: [ view_template ] --END-- [ RunTime:0.000000s ]
INFO: [ view_parse ] --START--
INFO: Run ParseTemplate Behavior [ RunTime:-0.015625s ]
INFO: [ view_parse ] --END-- [ RunTime:0.015625s ]
INFO: [ view_filter ] --START--
INFO: Run ContentReplace Behavior [ RunTime:-0.031250s ]
INFO: Run TokenBuild Behavior [ RunTime:-0.031250s ]
INFO: Run WriteHtmlCache Behavior [ RunTime:-0.031250s ]
INFO: Run ShowRuntime Behavior [ RunTime:-0.031250s ]
INFO: [ view_filter ] --END-- [ RunTime:0.000000s ]
INFO: [ view_end ] --START--
INFO: Run ShowPageTrace Behavior [ RunTime:-0.031250s ]
INFO: [ view_end ] --END-- [ RunTime:0.000000s ]

[ 2015-04-23T08:03:56+08:00 ] 122.190.120.141 /index1.php?g=System&m=System&a=index
INFO: [ app_begin ] --START--
INFO: Run ReadHtmlCache Behavior [ RunTime:0.000000s ]
INFO: [ app_begin ] --END-- [ RunTime:0.000000s ]
NOTIC: [8] Undefined variable: staticPath G:\home\ftp\y\yiqixiu\wwwroot\Wesambo\Lib\Action\BaseAction.class.php 第 37 行.
NOTIC: [8] Undefined variable: staticPath G:\home\ftp\y\yiqixiu\wwwroot\Wesambo\Lib\Action\BaseAction.class.php 第 38 行.
NOTIC: [8] Constant STATICS already defined G:\home\ftp\y\yiqixiu\wwwroot\Wesambo\Lib\Action\BaseAction.class.php 第 38 行.
SQL: SHOW COLUMNS FROM `cj_node` [ RunTime:0.000000s ]
SQL: SELECT * FROM `cj_node` WHERE ( `level` = null ) AND ( `pid` = 2 ) AND ( `status` = 1 ) AND ( `display` > 0 ) ORDER BY `sort` asc  [ RunTime:0.000000s ]
SQL: SHOW COLUMNS FROM `cj_node` [ RunTime:0.000000s ]
SQL: SELECT * FROM `cj_node` WHERE ( `display` = 1 ) AND ( `status` = 1 ) ORDER BY `sort` asc  [ RunTime:0.000000s ]
NOTIC: [2] Cannot use a scalar value as an array G:\home\ftp\y\yiqixiu\wwwroot\Wesambo\_Core\Lib\Core\View.class.php 第 69 行.
INFO: [ view_template ] --START--
INFO: Run LocationTemplate Behavior [ RunTime:0.000000s ]
INFO: [ view_template ] --END-- [ RunTime:0.015625s ]
INFO: [ view_parse ] --START--
INFO: Run ParseTemplate Behavior [ RunTime:-0.015625s ]
INFO: [ view_parse ] --END-- [ RunTime:0.000000s ]
INFO: [ view_filter ] --START--
INFO: Run ContentReplace Behavior [ RunTime:-0.015625s ]
INFO: Run TokenBuild Behavior [ RunTime:-0.015625s ]
INFO: Run WriteHtmlCache Behavior [ RunTime:-0.015625s ]
INFO: Run ShowRuntime Behavior [ RunTime:-0.015625s ]
INFO: [ view_filter ] --END-- [ RunTime:0.000000s ]
INFO: [ view_end ] --START--
INFO: Run ShowPageTrace Behavior [ RunTime:-0.015625s ]
INFO: [ view_end ] --END-- [ RunTime:0.000000s ]

[ 2015-04-23T08:04:34+08:00 ] 122.190.120.141 /index1.php?g=System&m=System&a=index
INFO: [ app_begin ] --START--
INFO: Run ReadHtmlCache Behavior [ RunTime:0.000000s ]
INFO: [ app_begin ] --END-- [ RunTime:0.000000s ]
NOTIC: [8] Undefined variable: staticPath G:\home\ftp\y\yiqixiu\wwwroot\Wesambo\Lib\Action\BaseAction.class.php 第 37 行.
NOTIC: [8] Undefined variable: staticPath G:\home\ftp\y\yiqixiu\wwwroot\Wesambo\Lib\Action\BaseAction.class.php 第 38 行.
NOTIC: [8] Constant STATICS already defined G:\home\ftp\y\yiqixiu\wwwroot\Wesambo\Lib\Action\BaseAction.class.php 第 38 行.
SQL: SHOW COLUMNS FROM `cj_node` [ RunTime:0.015625s ]
SQL: SELECT * FROM `cj_node` WHERE ( `level` = null ) AND ( `pid` = 2 ) AND ( `status` = 1 ) AND ( `display` > 0 ) ORDER BY `sort` asc  [ RunTime:0.000000s ]
SQL: SHOW COLUMNS FROM `cj_node` [ RunTime:0.000000s ]
SQL: SELECT * FROM `cj_node` WHERE ( `display` = 1 ) AND ( `status` = 1 ) ORDER BY `sort` asc  [ RunTime:0.000000s ]
NOTIC: [2] Cannot use a scalar value as an array G:\home\ftp\y\yiqixiu\wwwroot\Wesambo\_Core\Lib\Core\View.class.php 第 69 行.
INFO: [ view_template ] --START--
INFO: Run LocationTemplate Behavior [ RunTime:-0.015625s ]
INFO: [ view_template ] --END-- [ RunTime:0.000000s ]
INFO: [ view_parse ] --START--
INFO: Run ParseTemplate Behavior [ RunTime:-0.015625s ]
INFO: [ view_parse ] --END-- [ RunTime:0.000000s ]
INFO: [ view_filter ] --START--
INFO: Run ContentReplace Behavior [ RunTime:-0.015625s ]
INFO: Run TokenBuild Behavior [ RunTime:-0.015625s ]
INFO: Run WriteHtmlCache Behavior [ RunTime:-0.015625s ]
INFO: Run ShowRuntime Behavior [ RunTime:-0.015625s ]
INFO: [ view_filter ] --END-- [ RunTime:0.000000s ]
INFO: [ view_end ] --START--
INFO: Run ShowPageTrace Behavior [ RunTime:-0.015625s ]
INFO: [ view_end ] --END-- [ RunTime:0.000000s ]

[ 2015-04-23T08:05:48+08:00 ] 122.190.120.141 /index1.php?g=System&m=System&a=index
INFO: [ app_begin ] --START--
INFO: Run ReadHtmlCache Behavior [ RunTime:0.000000s ]
INFO: [ app_begin ] --END-- [ RunTime:0.000000s ]
NOTIC: [8] Undefined variable: staticPath G:\home\ftp\y\yiqixiu\wwwroot\Wesambo\Lib\Action\BaseAction.class.php 第 37 行.
NOTIC: [8] Undefined variable: staticPath G:\home\ftp\y\yiqixiu\wwwroot\Wesambo\Lib\Action\BaseAction.class.php 第 38 行.
NOTIC: [8] Constant STATICS already defined G:\home\ftp\y\yiqixiu\wwwroot\Wesambo\Lib\Action\BaseAction.class.php 第 38 行.
SQL: SHOW COLUMNS FROM `cj_node` [ RunTime:0.000000s ]
SQL: SELECT * FROM `cj_node` WHERE ( `level` = null ) AND ( `pid` = 2 ) AND ( `status` = 1 ) AND ( `display` > 0 ) ORDER BY `sort` asc  [ RunTime:0.000000s ]
SQL: SHOW COLUMNS FROM `cj_node` [ RunTime:0.000000s ]
SQL: SELECT * FROM `cj_node` WHERE ( `display` = 1 ) AND ( `status` = 1 ) ORDER BY `sort` asc  [ RunTime:0.000000s ]
NOTIC: [2] Cannot use a scalar value as an array G:\home\ftp\y\yiqixiu\wwwroot\Wesambo\_Core\Lib\Core\View.class.php 第 69 行.
INFO: [ view_template ] --START--
INFO: Run LocationTemplate Behavior [ RunTime:-0.015625s ]
INFO: [ view_template ] --END-- [ RunTime:0.000000s ]
INFO: [ view_parse ] --START--
INFO: Run ParseTemplate Behavior [ RunTime:-0.015625s ]
INFO: [ view_parse ] --END-- [ RunTime:0.015625s ]
INFO: [ view_filter ] --START--
INFO: Run ContentReplace Behavior [ RunTime:-0.031250s ]
INFO: Run TokenBuild Behavior [ RunTime:-0.031250s ]
INFO: Run WriteHtmlCache Behavior [ RunTime:-0.031250s ]
INFO: Run ShowRuntime Behavior [ RunTime:-0.031250s ]
INFO: [ view_filter ] --END-- [ RunTime:0.000000s ]
INFO: [ view_end ] --START--
INFO: Run ShowPageTrace Behavior [ RunTime:-0.031250s ]
INFO: [ view_end ] --END-- [ RunTime:0.000000s ]

[ 2015-04-23T08:06:42+08:00 ] 122.190.120.141 /index1.php?g=System&m=Users&a=index&pid=50&level=3
INFO: [ app_begin ] --START--
INFO: Run ReadHtmlCache Behavior [ RunTime:0.000000s ]
INFO: [ app_begin ] --END-- [ RunTime:0.000000s ]
NOTIC: [8] Undefined variable: staticPath G:\home\ftp\y\yiqixiu\wwwroot\Wesambo\Lib\Action\BaseAction.class.php 第 37 行.
NOTIC: [8] Undefined variable: staticPath G:\home\ftp\y\yiqixiu\wwwroot\Wesambo\Lib\Action\BaseAction.class.php 第 38 行.
NOTIC: [8] Constant STATICS already defined G:\home\ftp\y\yiqixiu\wwwroot\Wesambo\Lib\Action\BaseAction.class.php 第 38 行.
SQL: SHOW COLUMNS FROM `cj_node` [ RunTime:0.000000s ]
SQL: SELECT * FROM `cj_node` WHERE ( `level` = 3 ) AND ( `pid` = 50 ) AND ( `status` = 1 ) AND ( `display` > 0 ) ORDER BY `sort` asc  [ RunTime:0.000000s ]
SQL: SHOW COLUMNS FROM `cj_users` [ RunTime:0.000000s ]
SQL: SHOW COLUMNS FROM `cj_user_group` [ RunTime:0.000000s ]
SQL: SELECT `id`,`name` FROM `cj_user_group` ORDER BY id desc  [ RunTime:0.000000s ]
SQL: SELECT COUNT(*) AS tp_count FROM `cj_users` LIMIT 1   [ RunTime:0.000000s ]
SQL: SELECT * FROM `cj_users` ORDER BY userid_int desc LIMIT 0,25   [ RunTime:0.000000s ]
NOTIC: [2] Cannot use a scalar value as an array G:\home\ftp\y\yiqixiu\wwwroot\Wesambo\_Core\Lib\Core\View.class.php 第 69 行.
INFO: [ view_template ] --START--
INFO: Run LocationTemplate Behavior [ RunTime:-0.031250s ]
INFO: [ view_template ] --END-- [ RunTime:0.000000s ]
INFO: [ view_parse ] --START--
NOTIC: [8] Undefined index: id G:\home\ftp\y\yiqixiu\wwwroot\Conf\logs\Cache\System\0c005db9ac6e0bb0a0285668787855bf.php 第 224 行.
NOTIC: [8] Undefined index: username G:\home\ftp\y\yiqixiu\wwwroot\Conf\logs\Cache\System\0c005db9ac6e0bb0a0285668787855bf.php 第 227 行.
NOTIC: [8] Undefined index: id G:\home\ftp\y\yiqixiu\wwwroot\Conf\logs\Cache\System\0c005db9ac6e0bb0a0285668787855bf.php 第 224 行.
NOTIC: [8] Undefined index: username G:\home\ftp\y\yiqixiu\wwwroot\Conf\logs\Cache\System\0c005db9ac6e0bb0a0285668787855bf.php 第 227 行.
INFO: Run ParseTemplate Behavior [ RunTime:-0.031250s ]
INFO: [ view_parse ] --END-- [ RunTime:0.015625s ]
INFO: [ view_filter ] --START--
INFO: Run ContentReplace Behavior [ RunTime:-0.046875s ]
INFO: Run TokenBuild Behavior [ RunTime:-0.046875s ]
INFO: Run WriteHtmlCache Behavior [ RunTime:-0.046875s ]
INFO: Run ShowRuntime Behavior [ RunTime:-0.046875s ]
INFO: [ view_filter ] --END-- [ RunTime:0.000000s ]
INFO: [ view_end ] --START--
INFO: Run ShowPageTrace Behavior [ RunTime:-0.046875s ]
INFO: [ view_end ] --END-- [ RunTime:0.000000s ]

[ 2015-04-23T08:08:12+08:00 ] 122.190.120.141 /index1.php?g=System&m=Users&a=edit&userid_int=2
INFO: [ app_begin ] --START--
INFO: Run ReadHtmlCache Behavior [ RunTime:0.000000s ]
INFO: [ app_begin ] --END-- [ RunTime:0.000000s ]
NOTIC: [8] Undefined variable: staticPath G:\home\ftp\y\yiqixiu\wwwroot\Wesambo\Lib\Action\BaseAction.class.php 第 37 行.
NOTIC: [8] Undefined variable: staticPath G:\home\ftp\y\yiqixiu\wwwroot\Wesambo\Lib\Action\BaseAction.class.php 第 38 行.
NOTIC: [8] Constant STATICS already defined G:\home\ftp\y\yiqixiu\wwwroot\Wesambo\Lib\Action\BaseAction.class.php 第 38 行.
SQL: SHOW COLUMNS FROM `cj_node` [ RunTime:0.000000s ]
SQL: SELECT * FROM `cj_node` WHERE ( `level` = null ) AND ( `pid` = 2 ) AND ( `status` = 1 ) AND ( `display` > 0 ) ORDER BY `sort` asc  [ RunTime:0.000000s ]
SQL: SHOW COLUMNS FROM `cj_users` [ RunTime:0.000000s ]
SQL: SHOW COLUMNS FROM `cj_user_group` [ RunTime:0.000000s ]
SQL: SELECT `id`,`name` FROM `cj_user_group` WHERE ( `status` = 1 )  [ RunTime:0.000000s ]
SQL: SELECT * FROM `cj_users` WHERE ( `userid_int` = 2 ) LIMIT 1   [ RunTime:0.000000s ]
NOTIC: [2] Cannot use a scalar value as an array G:\home\ftp\y\yiqixiu\wwwroot\Wesambo\_Core\Lib\Core\View.class.php 第 69 行.
INFO: [ view_template ] --START--
INFO: Run LocationTemplate Behavior [ RunTime:-0.015625s ]
INFO: [ view_template ] --END-- [ RunTime:0.000000s ]
INFO: [ view_parse ] --START--
INFO: Run ParseTemplate Behavior [ RunTime:-0.015625s ]
INFO: [ view_parse ] --END-- [ RunTime:0.031250s ]
INFO: [ view_filter ] --START--
INFO: Run ContentReplace Behavior [ RunTime:-0.046875s ]
INFO: Run TokenBuild Behavior [ RunTime:-0.046875s ]
INFO: Run WriteHtmlCache Behavior [ RunTime:-0.046875s ]
INFO: Run ShowRuntime Behavior [ RunTime:-0.046875s ]
INFO: [ view_filter ] --END-- [ RunTime:0.000000s ]
INFO: [ view_end ] --START--
INFO: Run ShowPageTrace Behavior [ RunTime:-0.046875s ]
INFO: [ view_end ] --END-- [ RunTime:0.000000s ]

[ 2015-04-23T08:08:22+08:00 ] 122.190.120.141 /index1.php?g=System&m=Users&a=edit
INFO: [ app_begin ] --START--
INFO: Run ReadHtmlCache Behavior [ RunTime:0.000000s ]
INFO: [ app_begin ] --END-- [ RunTime:0.000000s ]
NOTIC: [8] Undefined variable: staticPath G:\home\ftp\y\yiqixiu\wwwroot\Wesambo\Lib\Action\BaseAction.class.php 第 37 行.
NOTIC: [8] Undefined variable: staticPath G:\home\ftp\y\yiqixiu\wwwroot\Wesambo\Lib\Action\BaseAction.class.php 第 38 行.
NOTIC: [8] Constant STATICS already defined G:\home\ftp\y\yiqixiu\wwwroot\Wesambo\Lib\Action\BaseAction.class.php 第 38 行.
SQL: SHOW COLUMNS FROM `cj_node` [ RunTime:0.000000s ]
SQL: SELECT * FROM `cj_node` WHERE ( `level` = null ) AND ( `pid` = 2 ) AND ( `status` = 1 ) AND ( `display` > 0 ) ORDER BY `sort` asc  [ RunTime:0.000000s ]
SQL: SHOW COLUMNS FROM `cj_users` [ RunTime:0.000000s ]
SQL: SHOW COLUMNS FROM `cj_users` [ RunTime:0.000000s ]
NOTIC: [8] Undefined index: id G:\home\ftp\y\yiqixiu\wwwroot\Wesambo\Lib\Action\System\UsersAction.class.php 第 151 行.
SQL: SELECT * FROM `cj_users` LIMIT 1   [ RunTime:0.000000s ]
NOTIC: [8] Undefined index: viptime G:\home\ftp\y\yiqixiu\wwwroot\Wesambo\Lib\Action\System\UsersAction.class.php 第 165 行.
SQL: UPDATE `cj_users` SET `userid_int`='2',`status_int`='1',`scene_times`='0',`limit_time`='2017-04-26 00:00:00',`remark`='',`password_varchar`='c49a99b49b305df5632710b92ff0bddb' WHERE ( `email_varchar` = 'admin@haoid.cn' ) [ RunTime:0.000000s ]
NOTIC: [8] Undefined index: gid G:\home\ftp\y\yiqixiu\wwwroot\Wesambo\Lib\Action\System\UsersAction.class.php 第 168 行.
NOTIC: [8] Undefined index: gid G:\home\ftp\y\yiqixiu\wwwroot\Wesambo\Lib\Action\System\UsersAction.class.php 第 168 行.
NOTIC: [2] Cannot use a scalar value as an array G:\home\ftp\y\yiqixiu\wwwroot\Wesambo\_Core\Lib\Core\View.class.php 第 69 行.
INFO: [ view_template ] --START--
INFO: Run LocationTemplate Behavior [ RunTime:-0.031250s ]
INFO: [ view_template ] --END-- [ RunTime:0.000000s ]
INFO: [ view_parse ] --START--
INFO: Run ParseTemplate Behavior [ RunTime:-0.031250s ]
INFO: [ view_parse ] --END-- [ RunTime:0.000000s ]
INFO: [ view_filter ] --START--
INFO: Run ContentReplace Behavior [ RunTime:-0.031250s ]
INFO: Run TokenBuild Behavior [ RunTime:-0.031250s ]
INFO: Run WriteHtmlCache Behavior [ RunTime:-0.031250s ]
INFO: Run ShowRuntime Behavior [ RunTime:-0.031250s ]
INFO: [ view_filter ] --END-- [ RunTime:0.000000s ]
INFO: [ view_end ] --START--
INFO: Run ShowPageTrace Behavior [ RunTime:-0.031250s ]
INFO: [ view_end ] --END-- [ RunTime:0.000000s ]

[ 2015-04-23T08:08:25+08:00 ] 122.190.120.141 /index1.php?g=System&m=Users&a=index
INFO: [ app_begin ] --START--
INFO: Run ReadHtmlCache Behavior [ RunTime:0.000000s ]
INFO: [ app_begin ] --END-- [ RunTime:0.000000s ]
NOTIC: [8] Undefined variable: staticPath G:\home\ftp\y\yiqixiu\wwwroot\Wesambo\Lib\Action\BaseAction.class.php 第 37 行.
NOTIC: [8] Undefined variable: staticPath G:\home\ftp\y\yiqixiu\wwwroot\Wesambo\Lib\Action\BaseAction.class.php 第 38 行.
NOTIC: [8] Constant STATICS already defined G:\home\ftp\y\yiqixiu\wwwroot\Wesambo\Lib\Action\BaseAction.class.php 第 38 行.
SQL: SHOW COLUMNS FROM `cj_node` [ RunTime:0.000000s ]
SQL: SELECT * FROM `cj_node` WHERE ( `level` = null ) AND ( `pid` = 2 ) AND ( `status` = 1 ) AND ( `display` > 0 ) ORDER BY `sort` asc  [ RunTime:0.000000s ]
SQL: SHOW COLUMNS FROM `cj_users` [ RunTime:0.000000s ]
SQL: SHOW COLUMNS FROM `cj_user_group` [ RunTime:0.000000s ]
SQL: SELECT `id`,`name` FROM `cj_user_group` ORDER BY id desc  [ RunTime:0.000000s ]
SQL: SELECT COUNT(*) AS tp_count FROM `cj_users` LIMIT 1   [ RunTime:0.000000s ]
SQL: SELECT * FROM `cj_users` ORDER BY userid_int desc LIMIT 0,25   [ RunTime:0.000000s ]
NOTIC: [2] Cannot use a scalar value as an array G:\home\ftp\y\yiqixiu\wwwroot\Wesambo\_Core\Lib\Core\View.class.php 第 69 行.
INFO: [ view_template ] --START--
INFO: Run LocationTemplate Behavior [ RunTime:-0.031250s ]
INFO: [ view_template ] --END-- [ RunTime:0.000000s ]
INFO: [ view_parse ] --START--
NOTIC: [8] Undefined index: id G:\home\ftp\y\yiqixiu\wwwroot\Conf\logs\Cache\System\0c005db9ac6e0bb0a0285668787855bf.php 第 224 行.
NOTIC: [8] Undefined index: username G:\home\ftp\y\yiqixiu\wwwroot\Conf\logs\Cache\System\0c005db9ac6e0bb0a0285668787855bf.php 第 227 行.
NOTIC: [8] Undefined index: id G:\home\ftp\y\yiqixiu\wwwroot\Conf\logs\Cache\System\0c005db9ac6e0bb0a0285668787855bf.php 第 224 行.
NOTIC: [8] Undefined index: username G:\home\ftp\y\yiqixiu\wwwroot\Conf\logs\Cache\System\0c005db9ac6e0bb0a0285668787855bf.php 第 227 行.
INFO: Run ParseTemplate Behavior [ RunTime:-0.031250s ]
INFO: [ view_parse ] --END-- [ RunTime:0.000000s ]
INFO: [ view_filter ] --START--
INFO: Run ContentReplace Behavior [ RunTime:-0.031250s ]
INFO: Run TokenBuild Behavior [ RunTime:-0.031250s ]
INFO: Run WriteHtmlCache Behavior [ RunTime:-0.031250s ]
INFO: Run ShowRuntime Behavior [ RunTime:-0.031250s ]
INFO: [ view_filter ] --END-- [ RunTime:0.015625s ]
INFO: [ view_end ] --START--
INFO: Run ShowPageTrace Behavior [ RunTime:-0.046875s ]
INFO: [ view_end ] --END-- [ RunTime:0.000000s ]

[ 2015-04-23T08:18:48+08:00 ] 122.190.120.141 /index1.php?g=System&m=Users&a=index
INFO: [ app_begin ] --START--
INFO: Run ReadHtmlCache Behavior [ RunTime:0.000000s ]
INFO: [ app_begin ] --END-- [ RunTime:0.000000s ]
NOTIC: [8] Undefined variable: staticPath G:\home\ftp\y\yiqixiu\wwwroot\Wesambo\Lib\Action\BaseAction.class.php 第 37 行.
NOTIC: [8] Undefined variable: staticPath G:\home\ftp\y\yiqixiu\wwwroot\Wesambo\Lib\Action\BaseAction.class.php 第 38 行.
NOTIC: [8] Constant STATICS already defined G:\home\ftp\y\yiqixiu\wwwroot\Wesambo\Lib\Action\BaseAction.class.php 第 38 行.
SQL: SHOW COLUMNS FROM `cj_node` [ RunTime:0.015625s ]
SQL: SELECT * FROM `cj_node` WHERE ( `level` = null ) AND ( `pid` = 2 ) AND ( `status` = 1 ) AND ( `display` > 0 ) ORDER BY `sort` asc  [ RunTime:0.000000s ]
SQL: SHOW COLUMNS FROM `cj_users` [ RunTime:0.000000s ]
SQL: SHOW COLUMNS FROM `cj_user_group` [ RunTime:0.000000s ]
SQL: SELECT `id`,`name` FROM `cj_user_group` ORDER BY id desc  [ RunTime:0.000000s ]
SQL: SELECT COUNT(*) AS tp_count FROM `cj_users` LIMIT 1   [ RunTime:0.000000s ]
SQL: SELECT * FROM `cj_users` ORDER BY userid_int desc LIMIT 0,25   [ RunTime:0.000000s ]
NOTIC: [2] Cannot use a scalar value as an array G:\home\ftp\y\yiqixiu\wwwroot\Wesambo\_Core\Lib\Core\View.class.php 第 69 行.
INFO: [ view_template ] --START--
INFO: Run LocationTemplate Behavior [ RunTime:-0.031250s ]
INFO: [ view_template ] --END-- [ RunTime:0.000000s ]
INFO: [ view_parse ] --START--
NOTIC: [8] Undefined index: id G:\home\ftp\y\yiqixiu\wwwroot\Conf\logs\Cache\System\0c005db9ac6e0bb0a0285668787855bf.php 第 224 行.
NOTIC: [8] Undefined index: username G:\home\ftp\y\yiqixiu\wwwroot\Conf\logs\Cache\System\0c005db9ac6e0bb0a0285668787855bf.php 第 227 行.
NOTIC: [8] Undefined index: id G:\home\ftp\y\yiqixiu\wwwroot\Conf\logs\Cache\System\0c005db9ac6e0bb0a0285668787855bf.php 第 224 行.
NOTIC: [8] Undefined index: username G:\home\ftp\y\yiqixiu\wwwroot\Conf\logs\Cache\System\0c005db9ac6e0bb0a0285668787855bf.php 第 227 行.
NOTIC: [8] Undefined index: id G:\home\ftp\y\yiqixiu\wwwroot\Conf\logs\Cache\System\0c005db9ac6e0bb0a0285668787855bf.php 第 224 行.
NOTIC: [8] Undefined index: username G:\home\ftp\y\yiqixiu\wwwroot\Conf\logs\Cache\System\0c005db9ac6e0bb0a0285668787855bf.php 第 227 行.
INFO: Run ParseTemplate Behavior [ RunTime:-0.031250s ]
INFO: [ view_parse ] --END-- [ RunTime:0.015625s ]
INFO: [ view_filter ] --START--
INFO: Run ContentReplace Behavior [ RunTime:-0.046875s ]
INFO: Run TokenBuild Behavior [ RunTime:-0.062500s ]
INFO: Run WriteHtmlCache Behavior [ RunTime:-0.062500s ]
INFO: Run ShowRuntime Behavior [ RunTime:-0.062500s ]
INFO: [ view_filter ] --END-- [ RunTime:0.015625s ]
INFO: [ view_end ] --START--
INFO: Run ShowPageTrace Behavior [ RunTime:-0.062500s ]
INFO: [ view_end ] --END-- [ RunTime:0.000000s ]

[ 2015-04-23T08:18:51+08:00 ] 122.190.120.141 /index1.php?g=System&m=System&a=index
INFO: [ app_begin ] --START--
INFO: Run ReadHtmlCache Behavior [ RunTime:0.000000s ]
INFO: [ app_begin ] --END-- [ RunTime:0.000000s ]
NOTIC: [8] Undefined variable: staticPath G:\home\ftp\y\yiqixiu\wwwroot\Wesambo\Lib\Action\BaseAction.class.php 第 37 行.
NOTIC: [8] Undefined variable: staticPath G:\home\ftp\y\yiqixiu\wwwroot\Wesambo\Lib\Action\BaseAction.class.php 第 38 行.
NOTIC: [8] Constant STATICS already defined G:\home\ftp\y\yiqixiu\wwwroot\Wesambo\Lib\Action\BaseAction.class.php 第 38 行.
SQL: SHOW COLUMNS FROM `cj_node` [ RunTime:0.000000s ]
SQL: SELECT * FROM `cj_node` WHERE ( `level` = null ) AND ( `pid` = 2 ) AND ( `status` = 1 ) AND ( `display` > 0 ) ORDER BY `sort` asc  [ RunTime:0.000000s ]
SQL: SHOW COLUMNS FROM `cj_node` [ RunTime:0.000000s ]
SQL: SELECT * FROM `cj_node` WHERE ( `display` = 1 ) AND ( `status` = 1 ) ORDER BY `sort` asc  [ RunTime:0.000000s ]
NOTIC: [2] Cannot use a scalar value as an array G:\home\ftp\y\yiqixiu\wwwroot\Wesambo\_Core\Lib\Core\View.class.php 第 69 行.
INFO: [ view_template ] --START--
INFO: Run LocationTemplate Behavior [ RunTime:-0.015625s ]
INFO: [ view_template ] --END-- [ RunTime:0.000000s ]
INFO: [ view_parse ] --START--
INFO: Run ParseTemplate Behavior [ RunTime:-0.015625s ]
INFO: [ view_parse ] --END-- [ RunTime:0.015625s ]
INFO: [ view_filter ] --START--
INFO: Run ContentReplace Behavior [ RunTime:-0.031250s ]
INFO: Run TokenBuild Behavior [ RunTime:-0.031250s ]
INFO: Run WriteHtmlCache Behavior [ RunTime:-0.031250s ]
INFO: Run ShowRuntime Behavior [ RunTime:-0.031250s ]
INFO: [ view_filter ] --END-- [ RunTime:0.000000s ]
INFO: [ view_end ] --START--
INFO: Run ShowPageTrace Behavior [ RunTime:-0.031250s ]
INFO: [ view_end ] --END-- [ RunTime:0.000000s ]

[ 2015-04-23T08:19:15+08:00 ] 122.190.120.141 /index1.php?g=System&m=System&a=index
INFO: [ app_begin ] --START--
INFO: Run ReadHtmlCache Behavior [ RunTime:0.000000s ]
INFO: [ app_begin ] --END-- [ RunTime:0.000000s ]
NOTIC: [8] Undefined variable: staticPath G:\home\ftp\y\yiqixiu\wwwroot\Wesambo\Lib\Action\BaseAction.class.php 第 37 行.
NOTIC: [8] Undefined variable: staticPath G:\home\ftp\y\yiqixiu\wwwroot\Wesambo\Lib\Action\BaseAction.class.php 第 38 行.
NOTIC: [8] Constant STATICS already defined G:\home\ftp\y\yiqixiu\wwwroot\Wesambo\Lib\Action\BaseAction.class.php 第 38 行.
SQL: SHOW COLUMNS FROM `cj_node` [ RunTime:0.000000s ]
SQL: SELECT * FROM `cj_node` WHERE ( `level` = null ) AND ( `pid` = 2 ) AND ( `status` = 1 ) AND ( `display` > 0 ) ORDER BY `sort` asc  [ RunTime:0.000000s ]
SQL: SHOW COLUMNS FROM `cj_node` [ RunTime:0.000000s ]
SQL: SELECT * FROM `cj_node` WHERE ( `display` = 1 ) AND ( `status` = 1 ) ORDER BY `sort` asc  [ RunTime:0.000000s ]
NOTIC: [2] Cannot use a scalar value as an array G:\home\ftp\y\yiqixiu\wwwroot\Wesambo\_Core\Lib\Core\View.class.php 第 69 行.
INFO: [ view_template ] --START--
INFO: Run LocationTemplate Behavior [ RunTime:-0.015625s ]
INFO: [ view_template ] --END-- [ RunTime:0.000000s ]
INFO: [ view_parse ] --START--
INFO: Run ParseTemplate Behavior [ RunTime:-0.015625s ]
INFO: [ view_parse ] --END-- [ RunTime:0.015625s ]
INFO: [ view_filter ] --START--
INFO: Run ContentReplace Behavior [ RunTime:-0.031250s ]
INFO: Run TokenBuild Behavior [ RunTime:-0.031250s ]
INFO: Run WriteHtmlCache Behavior [ RunTime:-0.031250s ]
INFO: Run ShowRuntime Behavior [ RunTime:-0.031250s ]
INFO: [ view_filter ] --END-- [ RunTime:0.000000s ]
INFO: [ view_end ] --START--
INFO: Run ShowPageTrace Behavior [ RunTime:-0.031250s ]
INFO: [ view_end ] --END-- [ RunTime:0.000000s ]

[ 2015-04-23T08:19:53+08:00 ] 122.190.120.141 /index1.php?g=System&m=Users&a=index&pid=50&level=3
INFO: [ app_begin ] --START--
INFO: Run ReadHtmlCache Behavior [ RunTime:0.000000s ]
INFO: [ app_begin ] --END-- [ RunTime:0.000000s ]
NOTIC: [8] Undefined variable: staticPath G:\home\ftp\y\yiqixiu\wwwroot\Wesambo\Lib\Action\BaseAction.class.php 第 37 行.
NOTIC: [8] Undefined variable: staticPath G:\home\ftp\y\yiqixiu\wwwroot\Wesambo\Lib\Action\BaseAction.class.php 第 38 行.
NOTIC: [8] Constant STATICS already defined G:\home\ftp\y\yiqixiu\wwwroot\Wesambo\Lib\Action\BaseAction.class.php 第 38 行.
SQL: SHOW COLUMNS FROM `cj_node` [ RunTime:0.000000s ]
SQL: SELECT * FROM `cj_node` WHERE ( `level` = 3 ) AND ( `pid` = 50 ) AND ( `status` = 1 ) AND ( `display` > 0 ) ORDER BY `sort` asc  [ RunTime:0.000000s ]
SQL: SHOW COLUMNS FROM `cj_users` [ RunTime:0.000000s ]
SQL: SHOW COLUMNS FROM `cj_user_group` [ RunTime:0.000000s ]
SQL: SELECT `id`,`name` FROM `cj_user_group` ORDER BY id desc  [ RunTime:0.000000s ]
SQL: SELECT COUNT(*) AS tp_count FROM `cj_users` LIMIT 1   [ RunTime:0.000000s ]
SQL: SELECT * FROM `cj_users` ORDER BY userid_int desc LIMIT 0,25   [ RunTime:0.000000s ]
NOTIC: [2] Cannot use a scalar value as an array G:\home\ftp\y\yiqixiu\wwwroot\Wesambo\_Core\Lib\Core\View.class.php 第 69 行.
INFO: [ view_template ] --START--
INFO: Run LocationTemplate Behavior [ RunTime:-0.015625s ]
INFO: [ view_template ] --END-- [ RunTime:0.000000s ]
INFO: [ view_parse ] --START--
NOTIC: [8] Undefined index: id G:\home\ftp\y\yiqixiu\wwwroot\Conf\logs\Cache\System\0c005db9ac6e0bb0a0285668787855bf.php 第 224 行.
NOTIC: [8] Undefined index: username G:\home\ftp\y\yiqixiu\wwwroot\Conf\logs\Cache\System\0c005db9ac6e0bb0a0285668787855bf.php 第 227 行.
NOTIC: [8] Undefined index: id G:\home\ftp\y\yiqixiu\wwwroot\Conf\logs\Cache\System\0c005db9ac6e0bb0a0285668787855bf.php 第 224 行.
NOTIC: [8] Undefined index: username G:\home\ftp\y\yiqixiu\wwwroot\Conf\logs\Cache\System\0c005db9ac6e0bb0a0285668787855bf.php 第 227 行.
NOTIC: [8] Undefined index: id G:\home\ftp\y\yiqixiu\wwwroot\Conf\logs\Cache\System\0c005db9ac6e0bb0a0285668787855bf.php 第 224 行.
NOTIC: [8] Undefined index: username G:\home\ftp\y\yiqixiu\wwwroot\Conf\logs\Cache\System\0c005db9ac6e0bb0a0285668787855bf.php 第 227 行.
INFO: Run ParseTemplate Behavior [ RunTime:-0.015625s ]
INFO: [ view_parse ] --END-- [ RunTime:0.015625s ]
INFO: [ view_filter ] --START--
INFO: Run ContentReplace Behavior [ RunTime:-0.031250s ]
INFO: Run TokenBuild Behavior [ RunTime:-0.031250s ]
INFO: Run WriteHtmlCache Behavior [ RunTime:-0.031250s ]
INFO: Run ShowRuntime Behavior [ RunTime:-0.031250s ]
INFO: [ view_filter ] --END-- [ RunTime:0.000000s ]
INFO: [ view_end ] --START--
INFO: Run ShowPageTrace Behavior [ RunTime:-0.031250s ]
INFO: [ view_end ] --END-- [ RunTime:0.000000s ]

[ 2015-04-23T08:19:56+08:00 ] 122.190.120.141 /index1.php?g=System&m=Users&a=edit&userid_int=3
INFO: [ app_begin ] --START--
INFO: Run ReadHtmlCache Behavior [ RunTime:0.000000s ]
INFO: [ app_begin ] --END-- [ RunTime:0.000000s ]
NOTIC: [8] Undefined variable: staticPath G:\home\ftp\y\yiqixiu\wwwroot\Wesambo\Lib\Action\BaseAction.class.php 第 37 行.
NOTIC: [8] Undefined variable: staticPath G:\home\ftp\y\yiqixiu\wwwroot\Wesambo\Lib\Action\BaseAction.class.php 第 38 行.
NOTIC: [8] Constant STATICS already defined G:\home\ftp\y\yiqixiu\wwwroot\Wesambo\Lib\Action\BaseAction.class.php 第 38 行.
SQL: SHOW COLUMNS FROM `cj_node` [ RunTime:0.000000s ]
SQL: SELECT * FROM `cj_node` WHERE ( `level` = null ) AND ( `pid` = 2 ) AND ( `status` = 1 ) AND ( `display` > 0 ) ORDER BY `sort` asc  [ RunTime:0.000000s ]
SQL: SHOW COLUMNS FROM `cj_users` [ RunTime:0.000000s ]
SQL: SHOW COLUMNS FROM `cj_user_group` [ RunTime:0.015625s ]
SQL: SELECT `id`,`name` FROM `cj_user_group` WHERE ( `status` = 1 )  [ RunTime:0.000000s ]
SQL: SELECT * FROM `cj_users` WHERE ( `userid_int` = 3 ) LIMIT 1   [ RunTime:0.000000s ]
NOTIC: [2] Cannot use a scalar value as an array G:\home\ftp\y\yiqixiu\wwwroot\Wesambo\_Core\Lib\Core\View.class.php 第 69 行.
INFO: [ view_template ] --START--
INFO: Run LocationTemplate Behavior [ RunTime:-0.031250s ]
INFO: [ view_template ] --END-- [ RunTime:0.000000s ]
INFO: [ view_parse ] --START--
INFO: Run ParseTemplate Behavior [ RunTime:-0.031250s ]
INFO: [ view_parse ] --END-- [ RunTime:0.000000s ]
INFO: [ view_filter ] --START--
INFO: Run ContentReplace Behavior [ RunTime:-0.031250s ]
INFO: Run TokenBuild Behavior [ RunTime:-0.031250s ]
INFO: Run WriteHtmlCache Behavior [ RunTime:-0.031250s ]
INFO: Run ShowRuntime Behavior [ RunTime:-0.031250s ]
INFO: [ view_filter ] --END-- [ RunTime:0.000000s ]
INFO: [ view_end ] --START--
INFO: Run ShowPageTrace Behavior [ RunTime:-0.031250s ]
INFO: [ view_end ] --END-- [ RunTime:0.000000s ]

[ 2015-04-23T08:20:05+08:00 ] 122.190.120.141 /index1.php?g=System&m=Users&a=edit
INFO: [ app_begin ] --START--
INFO: Run ReadHtmlCache Behavior [ RunTime:0.000000s ]
INFO: [ app_begin ] --END-- [ RunTime:0.000000s ]
NOTIC: [8] Undefined variable: staticPath G:\home\ftp\y\yiqixiu\wwwroot\Wesambo\Lib\Action\BaseAction.class.php 第 37 行.
NOTIC: [8] Undefined variable: staticPath G:\home\ftp\y\yiqixiu\wwwroot\Wesambo\Lib\Action\BaseAction.class.php 第 38 行.
NOTIC: [8] Constant STATICS already defined G:\home\ftp\y\yiqixiu\wwwroot\Wesambo\Lib\Action\BaseAction.class.php 第 38 行.
SQL: SHOW COLUMNS FROM `cj_node` [ RunTime:0.000000s ]
SQL: SELECT * FROM `cj_node` WHERE ( `level` = null ) AND ( `pid` = 2 ) AND ( `status` = 1 ) AND ( `display` > 0 ) ORDER BY `sort` asc  [ RunTime:0.000000s ]
SQL: SHOW COLUMNS FROM `cj_users` [ RunTime:0.000000s ]
SQL: SHOW COLUMNS FROM `cj_users` [ RunTime:0.000000s ]
NOTIC: [8] Undefined index: id G:\home\ftp\y\yiqixiu\wwwroot\Wesambo\Lib\Action\System\UsersAction.class.php 第 151 行.
SQL: SELECT * FROM `cj_users` LIMIT 1   [ RunTime:0.000000s ]
NOTIC: [8] Undefined index: viptime G:\home\ftp\y\yiqixiu\wwwroot\Wesambo\Lib\Action\System\UsersAction.class.php 第 165 行.
SQL: UPDATE `cj_users` SET `userid_int`='3',`status_int`='1',`scene_times`='500',`limit_time`='2015-04-23 08:09:31',`remark`='' WHERE ( `email_varchar` = 'aaa@a.cc' ) [ RunTime:0.015625s ]
NOTIC: [8] Undefined index: gid G:\home\ftp\y\yiqixiu\wwwroot\Wesambo\Lib\Action\System\UsersAction.class.php 第 168 行.
NOTIC: [8] Undefined index: gid G:\home\ftp\y\yiqixiu\wwwroot\Wesambo\Lib\Action\System\UsersAction.class.php 第 168 行.
NOTIC: [2] Cannot use a scalar value as an array G:\home\ftp\y\yiqixiu\wwwroot\Wesambo\_Core\Lib\Core\View.class.php 第 69 行.
INFO: [ view_template ] --START--
INFO: Run LocationTemplate Behavior [ RunTime:-0.031250s ]
INFO: [ view_template ] --END-- [ RunTime:0.000000s ]
INFO: [ view_parse ] --START--
INFO: Run ParseTemplate Behavior [ RunTime:-0.031250s ]
INFO: [ view_parse ] --END-- [ RunTime:0.000000s ]
INFO: [ view_filter ] --START--
INFO: Run ContentReplace Behavior [ RunTime:-0.031250s ]
INFO: Run TokenBuild Behavior [ RunTime:-0.031250s ]
INFO: Run WriteHtmlCache Behavior [ RunTime:-0.031250s ]
INFO: Run ShowRuntime Behavior [ RunTime:-0.031250s ]
INFO: [ view_filter ] --END-- [ RunTime:0.000000s ]
INFO: [ view_end ] --START--
INFO: Run ShowPageTrace Behavior [ RunTime:-0.031250s ]
INFO: [ view_end ] --END-- [ RunTime:0.000000s ]

[ 2015-04-23T08:20:08+08:00 ] 122.190.120.141 /index1.php?g=System&m=Users&a=index
INFO: [ app_begin ] --START--
INFO: Run ReadHtmlCache Behavior [ RunTime:0.000000s ]
INFO: [ app_begin ] --END-- [ RunTime:0.000000s ]
NOTIC: [8] Undefined variable: staticPath G:\home\ftp\y\yiqixiu\wwwroot\Wesambo\Lib\Action\BaseAction.class.php 第 37 行.
NOTIC: [8] Undefined variable: staticPath G:\home\ftp\y\yiqixiu\wwwroot\Wesambo\Lib\Action\BaseAction.class.php 第 38 行.
NOTIC: [8] Constant STATICS already defined G:\home\ftp\y\yiqixiu\wwwroot\Wesambo\Lib\Action\BaseAction.class.php 第 38 行.
SQL: SHOW COLUMNS FROM `cj_node` [ RunTime:0.000000s ]
SQL: SELECT * FROM `cj_node` WHERE ( `level` = null ) AND ( `pid` = 2 ) AND ( `status` = 1 ) AND ( `display` > 0 ) ORDER BY `sort` asc  [ RunTime:0.000000s ]
SQL: SHOW COLUMNS FROM `cj_users` [ RunTime:0.015625s ]
SQL: SHOW COLUMNS FROM `cj_user_group` [ RunTime:0.000000s ]
SQL: SELECT `id`,`name` FROM `cj_user_group` ORDER BY id desc  [ RunTime:0.000000s ]
SQL: SELECT COUNT(*) AS tp_count FROM `cj_users` LIMIT 1   [ RunTime:0.000000s ]
SQL: SELECT * FROM `cj_users` ORDER BY userid_int desc LIMIT 0,25   [ RunTime:0.000000s ]
NOTIC: [2] Cannot use a scalar value as an array G:\home\ftp\y\yiqixiu\wwwroot\Wesambo\_Core\Lib\Core\View.class.php 第 69 行.
INFO: [ view_template ] --START--
INFO: Run LocationTemplate Behavior [ RunTime:-0.015625s ]
INFO: [ view_template ] --END-- [ RunTime:0.000000s ]
INFO: [ view_parse ] --START--
NOTIC: [8] Undefined index: id G:\home\ftp\y\yiqixiu\wwwroot\Conf\logs\Cache\System\0c005db9ac6e0bb0a0285668787855bf.php 第 224 行.
NOTIC: [8] Undefined index: username G:\home\ftp\y\yiqixiu\wwwroot\Conf\logs\Cache\System\0c005db9ac6e0bb0a0285668787855bf.php 第 227 行.
NOTIC: [8] Undefined index: id G:\home\ftp\y\yiqixiu\wwwroot\Conf\logs\Cache\System\0c005db9ac6e0bb0a0285668787855bf.php 第 224 行.
NOTIC: [8] Undefined index: username G:\home\ftp\y\yiqixiu\wwwroot\Conf\logs\Cache\System\0c005db9ac6e0bb0a0285668787855bf.php 第 227 行.
NOTIC: [8] Undefined index: id G:\home\ftp\y\yiqixiu\wwwroot\Conf\logs\Cache\System\0c005db9ac6e0bb0a0285668787855bf.php 第 224 行.
NOTIC: [8] Undefined index: username G:\home\ftp\y\yiqixiu\wwwroot\Conf\logs\Cache\System\0c005db9ac6e0bb0a0285668787855bf.php 第 227 行.
INFO: Run ParseTemplate Behavior [ RunTime:-0.015625s ]
INFO: [ view_parse ] --END-- [ RunTime:0.015625s ]
INFO: [ view_filter ] --START--
INFO: Run ContentReplace Behavior [ RunTime:-0.031250s ]
INFO: Run TokenBuild Behavior [ RunTime:-0.031250s ]
INFO: Run WriteHtmlCache Behavior [ RunTime:-0.031250s ]
INFO: Run ShowRuntime Behavior [ RunTime:-0.031250s ]
INFO: [ view_filter ] --END-- [ RunTime:0.000000s ]
INFO: [ view_end ] --START--
INFO: Run ShowPageTrace Behavior [ RunTime:-0.031250s ]
INFO: [ view_end ] --END-- [ RunTime:0.000000s ]

